{"/home/gold/dev/revenue-api/app.js": {"path":"/home/gold/dev/revenue-api/app.js","statementMap":{"0":{"start":{"line":1,"column":16},"end":{"line":1,"column":34}},"1":{"start":{"line":2,"column":12},"end":{"line":2,"column":21}},"2":{"start":{"line":3,"column":13},"end":{"line":3,"column":28}},"3":{"start":{"line":4,"column":21},"end":{"line":4,"column":58}},"4":{"start":{"line":7,"column":23},"end":{"line":7,"column":62}},"5":{"start":{"line":8,"column":26},"end":{"line":8,"column":68}},"6":{"start":{"line":9,"column":23},"end":{"line":9,"column":62}},"7":{"start":{"line":10,"column":23},"end":{"line":10,"column":62}},"8":{"start":{"line":11,"column":26},"end":{"line":11,"column":68}},"9":{"start":{"line":12,"column":25},"end":{"line":12,"column":66}},"10":{"start":{"line":15,"column":0},"end":{"line":15,"column":24}},"11":{"start":{"line":16,"column":0},"end":{"line":16,"column":16}},"12":{"start":{"line":19,"column":18},"end":{"line":19,"column":34}},"13":{"start":{"line":20,"column":0},"end":{"line":20,"column":40}},"14":{"start":{"line":21,"column":0},"end":{"line":21,"column":46}},"15":{"start":{"line":22,"column":0},"end":{"line":22,"column":40}},"16":{"start":{"line":23,"column":0},"end":{"line":23,"column":40}},"17":{"start":{"line":24,"column":0},"end":{"line":24,"column":45}},"18":{"start":{"line":25,"column":0},"end":{"line":25,"column":43}},"19":{"start":{"line":26,"column":0},"end":{"line":26,"column":27}},"20":{"start":{"line":29,"column":0},"end":{"line":29,"column":22}},"21":{"start":{"line":31,"column":0},"end":{"line":31,"column":21}}},"fnMap":{},"branchMap":{},"s":{"0":1,"1":1,"2":1,"3":1,"4":1,"5":1,"6":1,"7":1,"8":1,"9":1,"10":1,"11":1,"12":1,"13":1,"14":1,"15":1,"16":1,"17":1,"18":1,"19":1,"20":1,"21":1},"f":{},"b":{},"_coverageSchema":"1a1c01bbd47fc00a2c39e90264f33305004495a9","hash":"9ceea190bc67f9842bcbf4820879d0affa325663"}
,"/home/gold/dev/revenue-api/constants.js": {"path":"/home/gold/dev/revenue-api/constants.js","statementMap":{"0":{"start":{"line":1,"column":22},"end":{"line":8,"column":1}},"1":{"start":{"line":10,"column":19},"end":{"line":13,"column":1}},"2":{"start":{"line":15,"column":22},"end":{"line":20,"column":1}},"3":{"start":{"line":22,"column":22},"end":{"line":25,"column":1}},"4":{"start":{"line":27,"column":19},"end":{"line":30,"column":1}},"5":{"start":{"line":32,"column":0},"end":{"line":38,"column":2}}},"fnMap":{},"branchMap":{},"s":{"0":1,"1":1,"2":1,"3":1,"4":1,"5":1},"f":{},"b":{},"_coverageSchema":"1a1c01bbd47fc00a2c39e90264f33305004495a9","hash":"bea8264d491131bb21b5f7290e6ef38487ad85d1"}
,"/home/gold/dev/revenue-api/tokenVersion.js": {"path":"/home/gold/dev/revenue-api/tokenVersion.js","statementMap":{"0":{"start":{"line":1,"column":0},"end":{"line":1,"column":19}}},"fnMap":{},"branchMap":{},"s":{"0":1},"f":{},"b":{},"_coverageSchema":"1a1c01bbd47fc00a2c39e90264f33305004495a9","hash":"1d440e347b6098e6fabcc3bd7c71090b8178ed2e"}
,"/home/gold/dev/revenue-api/controllers/accountController.js": {"path":"/home/gold/dev/revenue-api/controllers/accountController.js","statementMap":{"0":{"start":{"line":1,"column":15},"end":{"line":1,"column":42}},"1":{"start":{"line":2,"column":15},"end":{"line":2,"column":47}},"2":{"start":{"line":3,"column":16},"end":{"line":3,"column":49}},"3":{"start":{"line":4,"column":23},"end":{"line":4,"column":60}},"4":{"start":{"line":5,"column":28},"end":{"line":5,"column":68}},"5":{"start":{"line":6,"column":24},"end":{"line":6,"column":60}},"6":{"start":{"line":8,"column":0},"end":{"line":24,"column":3}},"7":{"start":{"line":9,"column":2},"end":{"line":23,"column":3}},"8":{"start":{"line":10,"column":36},"end":{"line":10,"column":44}},"9":{"start":{"line":12,"column":4},"end":{"line":14,"column":5}},"10":{"start":{"line":13,"column":6},"end":{"line":13,"column":58}},"11":{"start":{"line":16,"column":20},"end":{"line":19,"column":5}},"12":{"start":{"line":20,"column":4},"end":{"line":20,"column":34}},"13":{"start":{"line":22,"column":4},"end":{"line":22,"column":47}},"14":{"start":{"line":26,"column":0},"end":{"line":33,"column":3}},"15":{"start":{"line":27,"column":2},"end":{"line":32,"column":3}},"16":{"start":{"line":28,"column":21},"end":{"line":28,"column":70}},"17":{"start":{"line":29,"column":4},"end":{"line":29,"column":35}},"18":{"start":{"line":31,"column":4},"end":{"line":31,"column":47}},"19":{"start":{"line":35,"column":0},"end":{"line":52,"column":3}},"20":{"start":{"line":36,"column":2},"end":{"line":51,"column":3}},"21":{"start":{"line":37,"column":15},"end":{"line":37,"column":28}},"22":{"start":{"line":39,"column":4},"end":{"line":41,"column":5}},"23":{"start":{"line":40,"column":6},"end":{"line":40,"column":53}},"24":{"start":{"line":43,"column":27},"end":{"line":46,"column":5}},"25":{"start":{"line":48,"column":4},"end":{"line":48,"column":41}},"26":{"start":{"line":50,"column":4},"end":{"line":50,"column":47}},"27":{"start":{"line":54,"column":0},"end":{"line":61,"column":3}},"28":{"start":{"line":55,"column":2},"end":{"line":60,"column":3}},"29":{"start":{"line":56,"column":27},"end":{"line":56,"column":76}},"30":{"start":{"line":57,"column":4},"end":{"line":57,"column":41}},"31":{"start":{"line":59,"column":4},"end":{"line":59,"column":47}},"32":{"start":{"line":63,"column":0},"end":{"line":63,"column":24}}},"fnMap":{"0":{"name":"(anonymous_0)","decl":{"start":{"line":8,"column":34},"end":{"line":8,"column":35}},"loc":{"start":{"line":8,"column":60},"end":{"line":24,"column":1}},"line":8},"1":{"name":"(anonymous_1)","decl":{"start":{"line":26,"column":24},"end":{"line":26,"column":25}},"loc":{"start":{"line":26,"column":50},"end":{"line":33,"column":1}},"line":26},"2":{"name":"(anonymous_2)","decl":{"start":{"line":35,"column":27},"end":{"line":35,"column":28}},"loc":{"start":{"line":35,"column":53},"end":{"line":52,"column":1}},"line":35},"3":{"name":"(anonymous_3)","decl":{"start":{"line":54,"column":39},"end":{"line":54,"column":40}},"loc":{"start":{"line":54,"column":65},"end":{"line":61,"column":1}},"line":54}},"branchMap":{"0":{"loc":{"start":{"line":12,"column":4},"end":{"line":14,"column":5}},"type":"if","locations":[{"start":{"line":12,"column":4},"end":{"line":14,"column":5}},{"start":{},"end":{}}],"line":12},"1":{"loc":{"start":{"line":12,"column":8},"end":{"line":12,"column":34}},"type":"binary-expr","locations":[{"start":{"line":12,"column":8},"end":{"line":12,"column":13}},{"start":{"line":12,"column":17},"end":{"line":12,"column":25}},{"start":{"line":12,"column":29},"end":{"line":12,"column":34}}],"line":12},"2":{"loc":{"start":{"line":39,"column":4},"end":{"line":41,"column":5}},"type":"if","locations":[{"start":{"line":39,"column":4},"end":{"line":41,"column":5}},{"start":{},"end":{}}],"line":39}},"s":{"0":1,"1":1,"2":1,"3":1,"4":1,"5":1,"6":1,"7":0,"8":0,"9":0,"10":0,"11":0,"12":0,"13":0,"14":1,"15":0,"16":0,"17":0,"18":0,"19":1,"20":0,"21":0,"22":0,"23":0,"24":0,"25":0,"26":0,"27":1,"28":0,"29":0,"30":0,"31":0,"32":1},"f":{"0":0,"1":0,"2":0,"3":0},"b":{"0":[0,0],"1":[0,0,0],"2":[0,0]},"_coverageSchema":"1a1c01bbd47fc00a2c39e90264f33305004495a9","hash":"60703b3da7fa383a47937fc32c0f8379759e0770"}
,"/home/gold/dev/revenue-api/controllers/backupController.js": {"path":"/home/gold/dev/revenue-api/controllers/backupController.js","statementMap":{"0":{"start":{"line":1,"column":15},"end":{"line":1,"column":42}},"1":{"start":{"line":2,"column":13},"end":{"line":2,"column":38}},"2":{"start":{"line":3,"column":13},"end":{"line":3,"column":38}},"3":{"start":{"line":4,"column":13},"end":{"line":4,"column":38}},"4":{"start":{"line":5,"column":16},"end":{"line":5,"column":44}},"5":{"start":{"line":6,"column":16},"end":{"line":6,"column":44}},"6":{"start":{"line":8,"column":15},"end":{"line":8,"column":47}},"7":{"start":{"line":9,"column":16},"end":{"line":9,"column":49}},"8":{"start":{"line":11,"column":28},"end":{"line":11,"column":68}},"9":{"start":{"line":13,"column":0},"end":{"line":27,"column":3}},"10":{"start":{"line":14,"column":2},"end":{"line":26,"column":3}},"11":{"start":{"line":15,"column":18},"end":{"line":15,"column":35}},"12":{"start":{"line":16,"column":18},"end":{"line":16,"column":35}},"13":{"start":{"line":17,"column":21},"end":{"line":17,"column":41}},"14":{"start":{"line":18,"column":20},"end":{"line":18,"column":40}},"15":{"start":{"line":19,"column":18},"end":{"line":19,"column":35}},"16":{"start":{"line":21,"column":4},"end":{"line":23,"column":74}},"17":{"start":{"line":25,"column":4},"end":{"line":25,"column":47}},"18":{"start":{"line":29,"column":0},"end":{"line":29,"column":24}}},"fnMap":{"0":{"name":"(anonymous_0)","decl":{"start":{"line":13,"column":33},"end":{"line":13,"column":34}},"loc":{"start":{"line":13,"column":59},"end":{"line":27,"column":1}},"line":13}},"branchMap":{},"s":{"0":1,"1":1,"2":1,"3":1,"4":1,"5":1,"6":1,"7":1,"8":1,"9":1,"10":0,"11":0,"12":0,"13":0,"14":0,"15":0,"16":0,"17":0,"18":1},"f":{"0":0},"b":{},"_coverageSchema":"1a1c01bbd47fc00a2c39e90264f33305004495a9","hash":"d1136dcabef8720ea7535a66cba43a4af8a79a15"}
,"/home/gold/dev/revenue-api/controllers/historyController.js": {"path":"/home/gold/dev/revenue-api/controllers/historyController.js","statementMap":{"0":{"start":{"line":1,"column":15},"end":{"line":1,"column":42}},"1":{"start":{"line":2,"column":15},"end":{"line":2,"column":47}},"2":{"start":{"line":3,"column":16},"end":{"line":3,"column":49}},"3":{"start":{"line":4,"column":23},"end":{"line":4,"column":60}},"4":{"start":{"line":6,"column":28},"end":{"line":6,"column":68}},"5":{"start":{"line":7,"column":24},"end":{"line":7,"column":60}},"6":{"start":{"line":9,"column":0},"end":{"line":26,"column":3}},"7":{"start":{"line":10,"column":2},"end":{"line":25,"column":3}},"8":{"start":{"line":11,"column":27},"end":{"line":11,"column":37}},"9":{"start":{"line":13,"column":4},"end":{"line":15,"column":5}},"10":{"start":{"line":14,"column":6},"end":{"line":14,"column":64}},"11":{"start":{"line":17,"column":20},"end":{"line":21,"column":5}},"12":{"start":{"line":22,"column":4},"end":{"line":22,"column":34}},"13":{"start":{"line":24,"column":4},"end":{"line":24,"column":47}},"14":{"start":{"line":28,"column":0},"end":{"line":35,"column":3}},"15":{"start":{"line":29,"column":2},"end":{"line":34,"column":3}},"16":{"start":{"line":30,"column":23},"end":{"line":30,"column":67}},"17":{"start":{"line":31,"column":4},"end":{"line":31,"column":37}},"18":{"start":{"line":33,"column":4},"end":{"line":33,"column":47}},"19":{"start":{"line":37,"column":0},"end":{"line":37,"column":24}}},"fnMap":{"0":{"name":"(anonymous_0)","decl":{"start":{"line":9,"column":44},"end":{"line":9,"column":45}},"loc":{"start":{"line":9,"column":70},"end":{"line":26,"column":1}},"line":9},"1":{"name":"(anonymous_1)","decl":{"start":{"line":28,"column":25},"end":{"line":28,"column":26}},"loc":{"start":{"line":28,"column":51},"end":{"line":35,"column":1}},"line":28}},"branchMap":{"0":{"loc":{"start":{"line":13,"column":4},"end":{"line":15,"column":5}},"type":"if","locations":[{"start":{"line":13,"column":4},"end":{"line":15,"column":5}},{"start":{},"end":{}}],"line":13},"1":{"loc":{"start":{"line":13,"column":8},"end":{"line":13,"column":22}},"type":"binary-expr","locations":[{"start":{"line":13,"column":8},"end":{"line":13,"column":14}},{"start":{"line":13,"column":18},"end":{"line":13,"column":22}}],"line":13}},"s":{"0":1,"1":1,"2":1,"3":1,"4":1,"5":1,"6":1,"7":0,"8":0,"9":0,"10":0,"11":0,"12":0,"13":0,"14":1,"15":0,"16":0,"17":0,"18":0,"19":1},"f":{"0":0,"1":0},"b":{"0":[0,0],"1":[0,0]},"_coverageSchema":"1a1c01bbd47fc00a2c39e90264f33305004495a9","hash":"501876685c498685a23e8d77679c558fa027a5c6"}
,"/home/gold/dev/revenue-api/controllers/moveController.js": {"path":"/home/gold/dev/revenue-api/controllers/moveController.js","statementMap":{"0":{"start":{"line":1,"column":15},"end":{"line":1,"column":42}},"1":{"start":{"line":2,"column":13},"end":{"line":2,"column":38}},"2":{"start":{"line":3,"column":16},"end":{"line":3,"column":44}},"3":{"start":{"line":4,"column":15},"end":{"line":4,"column":47}},"4":{"start":{"line":5,"column":16},"end":{"line":5,"column":49}},"5":{"start":{"line":6,"column":17},"end":{"line":6,"column":36}},"6":{"start":{"line":12,"column":4},"end":{"line":12,"column":37}},"7":{"start":{"line":13,"column":16},"end":{"line":13,"column":44}},"8":{"start":{"line":14,"column":53},"end":{"line":14,"column":76}},"9":{"start":{"line":15,"column":20},"end":{"line":15,"column":54}},"10":{"start":{"line":17,"column":28},"end":{"line":17,"column":68}},"11":{"start":{"line":18,"column":24},"end":{"line":18,"column":60}},"12":{"start":{"line":20,"column":0},"end":{"line":20,"column":27}},"13":{"start":{"line":22,"column":0},"end":{"line":42,"column":3}},"14":{"start":{"line":23,"column":2},"end":{"line":41,"column":3}},"15":{"start":{"line":24,"column":32},"end":{"line":24,"column":42}},"16":{"start":{"line":26,"column":4},"end":{"line":31,"column":5}},"17":{"start":{"line":30,"column":6},"end":{"line":30,"column":57}},"18":{"start":{"line":33,"column":18},"end":{"line":37,"column":5}},"19":{"start":{"line":38,"column":4},"end":{"line":38,"column":32}},"20":{"start":{"line":40,"column":4},"end":{"line":40,"column":47}},"21":{"start":{"line":44,"column":0},"end":{"line":63,"column":3}},"22":{"start":{"line":45,"column":2},"end":{"line":62,"column":3}},"23":{"start":{"line":46,"column":33},"end":{"line":46,"column":43}},"24":{"start":{"line":48,"column":4},"end":{"line":50,"column":5}},"25":{"start":{"line":49,"column":6},"end":{"line":49,"column":57}},"26":{"start":{"line":52,"column":24},"end":{"line":57,"column":5}},"27":{"start":{"line":59,"column":4},"end":{"line":59,"column":38}},"28":{"start":{"line":61,"column":4},"end":{"line":61,"column":47}},"29":{"start":{"line":65,"column":0},"end":{"line":87,"column":3}},"30":{"start":{"line":66,"column":2},"end":{"line":86,"column":3}},"31":{"start":{"line":67,"column":71},"end":{"line":67,"column":79}},"32":{"start":{"line":69,"column":4},"end":{"line":77,"column":5}},"33":{"start":{"line":76,"column":6},"end":{"line":76,"column":58}},"34":{"start":{"line":79,"column":17},"end":{"line":82,"column":5}},"35":{"start":{"line":83,"column":4},"end":{"line":83,"column":31}},"36":{"start":{"line":85,"column":4},"end":{"line":85,"column":47}},"37":{"start":{"line":89,"column":0},"end":{"line":101,"column":3}},"38":{"start":{"line":90,"column":2},"end":{"line":100,"column":3}},"39":{"start":{"line":91,"column":15},"end":{"line":91,"column":28}},"40":{"start":{"line":93,"column":4},"end":{"line":95,"column":5}},"41":{"start":{"line":94,"column":6},"end":{"line":94,"column":53}},"42":{"start":{"line":96,"column":17},"end":{"line":96,"column":59}},"43":{"start":{"line":97,"column":4},"end":{"line":97,"column":31}},"44":{"start":{"line":99,"column":4},"end":{"line":99,"column":47}},"45":{"start":{"line":104,"column":0},"end":{"line":118,"column":3}},"46":{"start":{"line":105,"column":2},"end":{"line":117,"column":3}},"47":{"start":{"line":106,"column":15},"end":{"line":106,"column":28}},"48":{"start":{"line":108,"column":4},"end":{"line":110,"column":5}},"49":{"start":{"line":109,"column":6},"end":{"line":109,"column":53}},"50":{"start":{"line":111,"column":17},"end":{"line":113,"column":6}},"51":{"start":{"line":114,"column":4},"end":{"line":114,"column":31}},"52":{"start":{"line":116,"column":4},"end":{"line":116,"column":47}},"53":{"start":{"line":120,"column":0},"end":{"line":132,"column":3}},"54":{"start":{"line":121,"column":2},"end":{"line":131,"column":3}},"55":{"start":{"line":122,"column":15},"end":{"line":122,"column":28}},"56":{"start":{"line":124,"column":4},"end":{"line":126,"column":5}},"57":{"start":{"line":125,"column":6},"end":{"line":125,"column":53}},"58":{"start":{"line":127,"column":4},"end":{"line":127,"column":37}},"59":{"start":{"line":128,"column":4},"end":{"line":128,"column":41}},"60":{"start":{"line":130,"column":4},"end":{"line":130,"column":47}},"61":{"start":{"line":134,"column":0},"end":{"line":146,"column":3}},"62":{"start":{"line":135,"column":2},"end":{"line":145,"column":3}},"63":{"start":{"line":141,"column":4},"end":{"line":141,"column":45}},"64":{"start":{"line":142,"column":4},"end":{"line":142,"column":50}},"65":{"start":{"line":144,"column":4},"end":{"line":144,"column":47}},"66":{"start":{"line":148,"column":0},"end":{"line":148,"column":24}}},"fnMap":{"0":{"name":"(anonymous_0)","decl":{"start":{"line":22,"column":40},"end":{"line":22,"column":41}},"loc":{"start":{"line":22,"column":66},"end":{"line":42,"column":1}},"line":22},"1":{"name":"(anonymous_1)","decl":{"start":{"line":44,"column":49},"end":{"line":44,"column":50}},"loc":{"start":{"line":44,"column":75},"end":{"line":63,"column":1}},"line":44},"2":{"name":"(anonymous_2)","decl":{"start":{"line":65,"column":25},"end":{"line":65,"column":26}},"loc":{"start":{"line":65,"column":51},"end":{"line":87,"column":1}},"line":65},"3":{"name":"(anonymous_3)","decl":{"start":{"line":89,"column":30},"end":{"line":89,"column":31}},"loc":{"start":{"line":89,"column":56},"end":{"line":101,"column":1}},"line":89},"4":{"name":"(anonymous_4)","decl":{"start":{"line":104,"column":36},"end":{"line":104,"column":37}},"loc":{"start":{"line":104,"column":62},"end":{"line":118,"column":1}},"line":104},"5":{"name":"(anonymous_5)","decl":{"start":{"line":120,"column":46},"end":{"line":120,"column":47}},"loc":{"start":{"line":120,"column":72},"end":{"line":132,"column":1}},"line":120},"6":{"name":"(anonymous_6)","decl":{"start":{"line":134,"column":42},"end":{"line":134,"column":43}},"loc":{"start":{"line":134,"column":68},"end":{"line":146,"column":1}},"line":134}},"branchMap":{"0":{"loc":{"start":{"line":26,"column":4},"end":{"line":31,"column":5}},"type":"if","locations":[{"start":{"line":26,"column":4},"end":{"line":31,"column":5}},{"start":{},"end":{}}],"line":26},"1":{"loc":{"start":{"line":27,"column":6},"end":{"line":28,"column":53}},"type":"binary-expr","locations":[{"start":{"line":27,"column":6},"end":{"line":27,"column":52}},{"start":{"line":28,"column":6},"end":{"line":28,"column":53}}],"line":27},"2":{"loc":{"start":{"line":48,"column":4},"end":{"line":50,"column":5}},"type":"if","locations":[{"start":{"line":48,"column":4},"end":{"line":50,"column":5}},{"start":{},"end":{}}],"line":48},"3":{"loc":{"start":{"line":48,"column":8},"end":{"line":48,"column":31}},"type":"binary-expr","locations":[{"start":{"line":48,"column":8},"end":{"line":48,"column":14}},{"start":{"line":48,"column":18},"end":{"line":48,"column":22}},{"start":{"line":48,"column":26},"end":{"line":48,"column":31}}],"line":48},"4":{"loc":{"start":{"line":69,"column":4},"end":{"line":77,"column":5}},"type":"if","locations":[{"start":{"line":69,"column":4},"end":{"line":77,"column":5}},{"start":{},"end":{}}],"line":69},"5":{"loc":{"start":{"line":70,"column":6},"end":{"line":74,"column":16}},"type":"binary-expr","locations":[{"start":{"line":70,"column":6},"end":{"line":70,"column":47}},{"start":{"line":71,"column":6},"end":{"line":71,"column":53}},{"start":{"line":72,"column":6},"end":{"line":72,"column":13}},{"start":{"line":73,"column":6},"end":{"line":73,"column":14}},{"start":{"line":74,"column":6},"end":{"line":74,"column":16}}],"line":70},"6":{"loc":{"start":{"line":93,"column":4},"end":{"line":95,"column":5}},"type":"if","locations":[{"start":{"line":93,"column":4},"end":{"line":95,"column":5}},{"start":{},"end":{}}],"line":93},"7":{"loc":{"start":{"line":108,"column":4},"end":{"line":110,"column":5}},"type":"if","locations":[{"start":{"line":108,"column":4},"end":{"line":110,"column":5}},{"start":{},"end":{}}],"line":108},"8":{"loc":{"start":{"line":124,"column":4},"end":{"line":126,"column":5}},"type":"if","locations":[{"start":{"line":124,"column":4},"end":{"line":126,"column":5}},{"start":{},"end":{}}],"line":124}},"s":{"0":1,"1":1,"2":1,"3":1,"4":1,"5":1,"6":1,"7":1,"8":1,"9":1,"10":1,"11":1,"12":1,"13":1,"14":0,"15":0,"16":0,"17":0,"18":0,"19":0,"20":0,"21":1,"22":0,"23":0,"24":0,"25":0,"26":0,"27":0,"28":0,"29":1,"30":0,"31":0,"32":0,"33":0,"34":0,"35":0,"36":0,"37":1,"38":0,"39":0,"40":0,"41":0,"42":0,"43":0,"44":0,"45":1,"46":0,"47":0,"48":0,"49":0,"50":0,"51":0,"52":0,"53":1,"54":0,"55":0,"56":0,"57":0,"58":0,"59":0,"60":0,"61":1,"62":0,"63":0,"64":0,"65":0,"66":1},"f":{"0":0,"1":0,"2":0,"3":0,"4":0,"5":0,"6":0},"b":{"0":[0,0],"1":[0,0],"2":[0,0],"3":[0,0,0],"4":[0,0],"5":[0,0,0,0,0],"6":[0,0],"7":[0,0],"8":[0,0]},"_coverageSchema":"1a1c01bbd47fc00a2c39e90264f33305004495a9","hash":"09240a85dd2c77c783d30a595a9cb759fa72b448"}
,"/home/gold/dev/revenue-api/controllers/shopController.js": {"path":"/home/gold/dev/revenue-api/controllers/shopController.js","statementMap":{"0":{"start":{"line":1,"column":15},"end":{"line":1,"column":42}},"1":{"start":{"line":2,"column":15},"end":{"line":2,"column":47}},"2":{"start":{"line":3,"column":16},"end":{"line":3,"column":49}},"3":{"start":{"line":4,"column":20},"end":{"line":4,"column":54}},"4":{"start":{"line":6,"column":28},"end":{"line":6,"column":68}},"5":{"start":{"line":8,"column":0},"end":{"line":15,"column":3}},"6":{"start":{"line":9,"column":2},"end":{"line":14,"column":3}},"7":{"start":{"line":10,"column":17},"end":{"line":10,"column":55}},"8":{"start":{"line":11,"column":4},"end":{"line":11,"column":31}},"9":{"start":{"line":13,"column":4},"end":{"line":13,"column":47}},"10":{"start":{"line":17,"column":0},"end":{"line":24,"column":3}},"11":{"start":{"line":18,"column":2},"end":{"line":23,"column":3}},"12":{"start":{"line":19,"column":18},"end":{"line":19,"column":49}},"13":{"start":{"line":20,"column":4},"end":{"line":20,"column":32}},"14":{"start":{"line":22,"column":4},"end":{"line":22,"column":47}},"15":{"start":{"line":26,"column":0},"end":{"line":33,"column":3}},"16":{"start":{"line":27,"column":2},"end":{"line":32,"column":3}},"17":{"start":{"line":28,"column":17},"end":{"line":28,"column":61}},"18":{"start":{"line":29,"column":4},"end":{"line":29,"column":31}},"19":{"start":{"line":31,"column":4},"end":{"line":31,"column":47}},"20":{"start":{"line":35,"column":0},"end":{"line":42,"column":3}},"21":{"start":{"line":36,"column":2},"end":{"line":41,"column":3}},"22":{"start":{"line":37,"column":24},"end":{"line":37,"column":77}},"23":{"start":{"line":38,"column":4},"end":{"line":38,"column":38}},"24":{"start":{"line":40,"column":4},"end":{"line":40,"column":47}},"25":{"start":{"line":44,"column":0},"end":{"line":51,"column":3}},"26":{"start":{"line":45,"column":2},"end":{"line":50,"column":3}},"27":{"start":{"line":46,"column":24},"end":{"line":46,"column":67}},"28":{"start":{"line":47,"column":4},"end":{"line":47,"column":38}},"29":{"start":{"line":49,"column":4},"end":{"line":49,"column":47}},"30":{"start":{"line":53,"column":0},"end":{"line":53,"column":24}}},"fnMap":{"0":{"name":"(anonymous_0)","decl":{"start":{"line":8,"column":34},"end":{"line":8,"column":35}},"loc":{"start":{"line":8,"column":60},"end":{"line":15,"column":1}},"line":8},"1":{"name":"(anonymous_1)","decl":{"start":{"line":17,"column":24},"end":{"line":17,"column":25}},"loc":{"start":{"line":17,"column":50},"end":{"line":24,"column":1}},"line":17},"2":{"name":"(anonymous_2)","decl":{"start":{"line":26,"column":27},"end":{"line":26,"column":28}},"loc":{"start":{"line":26,"column":53},"end":{"line":33,"column":1}},"line":26},"3":{"name":"(anonymous_3)","decl":{"start":{"line":35,"column":36},"end":{"line":35,"column":37}},"loc":{"start":{"line":35,"column":62},"end":{"line":42,"column":1}},"line":35},"4":{"name":"(anonymous_4)","decl":{"start":{"line":44,"column":39},"end":{"line":44,"column":40}},"loc":{"start":{"line":44,"column":65},"end":{"line":51,"column":1}},"line":44}},"branchMap":{},"s":{"0":1,"1":1,"2":1,"3":1,"4":1,"5":1,"6":0,"7":0,"8":0,"9":0,"10":1,"11":0,"12":0,"13":0,"14":0,"15":1,"16":0,"17":0,"18":0,"19":0,"20":1,"21":0,"22":0,"23":0,"24":0,"25":1,"26":0,"27":0,"28":0,"29":0,"30":1},"f":{"0":0,"1":0,"2":0,"3":0,"4":0},"b":{},"_coverageSchema":"1a1c01bbd47fc00a2c39e90264f33305004495a9","hash":"de92e833d53a02d29ef9e73cd2bee69b0deb140b"}
,"/home/gold/dev/revenue-api/controllers/userController.js": {"path":"/home/gold/dev/revenue-api/controllers/userController.js","statementMap":{"0":{"start":{"line":1,"column":15},"end":{"line":1,"column":42}},"1":{"start":{"line":2,"column":15},"end":{"line":2,"column":47}},"2":{"start":{"line":3,"column":16},"end":{"line":3,"column":49}},"3":{"start":{"line":4,"column":20},"end":{"line":4,"column":54}},"4":{"start":{"line":6,"column":28},"end":{"line":6,"column":68}},"5":{"start":{"line":7,"column":24},"end":{"line":7,"column":60}},"6":{"start":{"line":9,"column":0},"end":{"line":27,"column":3}},"7":{"start":{"line":10,"column":2},"end":{"line":26,"column":3}},"8":{"start":{"line":11,"column":44},"end":{"line":11,"column":52}},"9":{"start":{"line":13,"column":4},"end":{"line":15,"column":5}},"10":{"start":{"line":14,"column":6},"end":{"line":14,"column":58}},"11":{"start":{"line":16,"column":17},"end":{"line":19,"column":5}},"12":{"start":{"line":20,"column":4},"end":{"line":20,"column":31}},"13":{"start":{"line":22,"column":4},"end":{"line":24,"column":5}},"14":{"start":{"line":23,"column":6},"end":{"line":23,"column":45}},"15":{"start":{"line":25,"column":4},"end":{"line":25,"column":47}},"16":{"start":{"line":29,"column":0},"end":{"line":44,"column":3}},"17":{"start":{"line":30,"column":2},"end":{"line":43,"column":3}},"18":{"start":{"line":31,"column":32},"end":{"line":31,"column":40}},"19":{"start":{"line":33,"column":4},"end":{"line":35,"column":5}},"20":{"start":{"line":34,"column":6},"end":{"line":34,"column":58}},"21":{"start":{"line":36,"column":18},"end":{"line":36,"column":51}},"22":{"start":{"line":37,"column":4},"end":{"line":37,"column":43}},"23":{"start":{"line":39,"column":4},"end":{"line":41,"column":5}},"24":{"start":{"line":40,"column":6},"end":{"line":40,"column":45}},"25":{"start":{"line":42,"column":4},"end":{"line":42,"column":47}},"26":{"start":{"line":46,"column":0},"end":{"line":53,"column":3}},"27":{"start":{"line":47,"column":2},"end":{"line":52,"column":3}},"28":{"start":{"line":48,"column":18},"end":{"line":48,"column":61}},"29":{"start":{"line":49,"column":4},"end":{"line":49,"column":32}},"30":{"start":{"line":51,"column":4},"end":{"line":51,"column":47}},"31":{"start":{"line":55,"column":0},"end":{"line":68,"column":3}},"32":{"start":{"line":56,"column":2},"end":{"line":67,"column":3}},"33":{"start":{"line":57,"column":15},"end":{"line":57,"column":28}},"34":{"start":{"line":59,"column":4},"end":{"line":61,"column":5}},"35":{"start":{"line":60,"column":6},"end":{"line":60,"column":53}},"36":{"start":{"line":63,"column":24},"end":{"line":63,"column":56}},"37":{"start":{"line":64,"column":4},"end":{"line":64,"column":38}},"38":{"start":{"line":66,"column":4},"end":{"line":66,"column":47}},"39":{"start":{"line":70,"column":0},"end":{"line":88,"column":3}},"40":{"start":{"line":71,"column":2},"end":{"line":87,"column":3}},"41":{"start":{"line":72,"column":15},"end":{"line":72,"column":28}},"42":{"start":{"line":74,"column":4},"end":{"line":76,"column":5}},"43":{"start":{"line":75,"column":6},"end":{"line":75,"column":53}},"44":{"start":{"line":78,"column":27},"end":{"line":78,"column":35}},"45":{"start":{"line":80,"column":4},"end":{"line":82,"column":5}},"46":{"start":{"line":81,"column":6},"end":{"line":81,"column":58}},"47":{"start":{"line":83,"column":24},"end":{"line":83,"column":72}},"48":{"start":{"line":84,"column":4},"end":{"line":84,"column":38}},"49":{"start":{"line":86,"column":4},"end":{"line":86,"column":47}},"50":{"start":{"line":90,"column":0},"end":{"line":90,"column":24}}},"fnMap":{"0":{"name":"(anonymous_0)","decl":{"start":{"line":9,"column":42},"end":{"line":9,"column":43}},"loc":{"start":{"line":9,"column":68},"end":{"line":27,"column":1}},"line":9},"1":{"name":"(anonymous_1)","decl":{"start":{"line":29,"column":22},"end":{"line":29,"column":23}},"loc":{"start":{"line":29,"column":48},"end":{"line":44,"column":1}},"line":29},"2":{"name":"(anonymous_2)","decl":{"start":{"line":46,"column":24},"end":{"line":46,"column":25}},"loc":{"start":{"line":46,"column":50},"end":{"line":53,"column":1}},"line":46},"3":{"name":"(anonymous_3)","decl":{"start":{"line":55,"column":39},"end":{"line":55,"column":40}},"loc":{"start":{"line":55,"column":65},"end":{"line":68,"column":1}},"line":55},"4":{"name":"(anonymous_4)","decl":{"start":{"line":70,"column":36},"end":{"line":70,"column":37}},"loc":{"start":{"line":70,"column":62},"end":{"line":88,"column":1}},"line":70}},"branchMap":{"0":{"loc":{"start":{"line":13,"column":4},"end":{"line":15,"column":5}},"type":"if","locations":[{"start":{"line":13,"column":4},"end":{"line":15,"column":5}},{"start":{},"end":{}}],"line":13},"1":{"loc":{"start":{"line":13,"column":8},"end":{"line":13,"column":45}},"type":"binary-expr","locations":[{"start":{"line":13,"column":8},"end":{"line":13,"column":13}},{"start":{"line":13,"column":17},"end":{"line":13,"column":23}},{"start":{"line":13,"column":27},"end":{"line":13,"column":36}},{"start":{"line":13,"column":40},"end":{"line":13,"column":45}}],"line":13},"2":{"loc":{"start":{"line":22,"column":4},"end":{"line":24,"column":5}},"type":"if","locations":[{"start":{"line":22,"column":4},"end":{"line":24,"column":5}},{"start":{},"end":{}}],"line":22},"3":{"loc":{"start":{"line":33,"column":4},"end":{"line":35,"column":5}},"type":"if","locations":[{"start":{"line":33,"column":4},"end":{"line":35,"column":5}},{"start":{},"end":{}}],"line":33},"4":{"loc":{"start":{"line":33,"column":8},"end":{"line":33,"column":27}},"type":"binary-expr","locations":[{"start":{"line":33,"column":8},"end":{"line":33,"column":14}},{"start":{"line":33,"column":18},"end":{"line":33,"column":27}}],"line":33},"5":{"loc":{"start":{"line":39,"column":4},"end":{"line":41,"column":5}},"type":"if","locations":[{"start":{"line":39,"column":4},"end":{"line":41,"column":5}},{"start":{},"end":{}}],"line":39},"6":{"loc":{"start":{"line":59,"column":4},"end":{"line":61,"column":5}},"type":"if","locations":[{"start":{"line":59,"column":4},"end":{"line":61,"column":5}},{"start":{},"end":{}}],"line":59},"7":{"loc":{"start":{"line":74,"column":4},"end":{"line":76,"column":5}},"type":"if","locations":[{"start":{"line":74,"column":4},"end":{"line":76,"column":5}},{"start":{},"end":{}}],"line":74},"8":{"loc":{"start":{"line":80,"column":4},"end":{"line":82,"column":5}},"type":"if","locations":[{"start":{"line":80,"column":4},"end":{"line":82,"column":5}},{"start":{},"end":{}}],"line":80},"9":{"loc":{"start":{"line":80,"column":8},"end":{"line":80,"column":22}},"type":"binary-expr","locations":[{"start":{"line":80,"column":8},"end":{"line":80,"column":13}},{"start":{"line":80,"column":17},"end":{"line":80,"column":22}}],"line":80}},"s":{"0":1,"1":1,"2":1,"3":1,"4":1,"5":1,"6":1,"7":3,"8":3,"9":3,"10":1,"11":2,"12":1,"13":1,"14":1,"15":1,"16":1,"17":3,"18":3,"19":3,"20":0,"21":3,"22":1,"23":2,"24":2,"25":2,"26":1,"27":1,"28":1,"29":1,"30":0,"31":1,"32":1,"33":1,"34":1,"35":0,"36":1,"37":1,"38":0,"39":1,"40":1,"41":1,"42":1,"43":0,"44":1,"45":1,"46":0,"47":1,"48":1,"49":0,"50":1},"f":{"0":3,"1":3,"2":1,"3":1,"4":1},"b":{"0":[1,2],"1":[3,2,2,2],"2":[1,0],"3":[0,3],"4":[3,3],"5":[2,0],"6":[0,1],"7":[0,1],"8":[0,1],"9":[1,1]},"_coverageSchema":"1a1c01bbd47fc00a2c39e90264f33305004495a9","hash":"5b06c7e137814b263249205b949b19f41d6c97e4"}
,"/home/gold/dev/revenue-api/db/database.js": {"path":"/home/gold/dev/revenue-api/db/database.js","statementMap":{"0":{"start":{"line":1,"column":17},"end":{"line":1,"column":36}},"1":{"start":{"line":2,"column":0},"end":{"line":2,"column":27}},"2":{"start":{"line":6,"column":4},"end":{"line":6,"column":27}},"3":{"start":{"line":10,"column":4},"end":{"line":20,"column":5}},"4":{"start":{"line":11,"column":6},"end":{"line":11,"column":40}},"5":{"start":{"line":12,"column":6},"end":{"line":15,"column":9}},"6":{"start":{"line":16,"column":6},"end":{"line":16,"column":37}},"7":{"start":{"line":18,"column":6},"end":{"line":18,"column":71}},"8":{"start":{"line":19,"column":6},"end":{"line":19,"column":16}},"9":{"start":{"line":24,"column":4},"end":{"line":35,"column":5}},"10":{"start":{"line":25,"column":6},"end":{"line":31,"column":7}},"11":{"start":{"line":26,"column":8},"end":{"line":26,"column":36}},"12":{"start":{"line":27,"column":8},"end":{"line":27,"column":42}},"13":{"start":{"line":28,"column":8},"end":{"line":28,"column":31}},"14":{"start":{"line":30,"column":8},"end":{"line":30,"column":68}},"15":{"start":{"line":33,"column":6},"end":{"line":33,"column":76}},"16":{"start":{"line":34,"column":6},"end":{"line":34,"column":16}},"17":{"start":{"line":39,"column":20},"end":{"line":39,"column":49}},"18":{"start":{"line":40,"column":4},"end":{"line":40,"column":31}},"19":{"start":{"line":42,"column":4},"end":{"line":52,"column":5}},"20":{"start":{"line":43,"column":21},"end":{"line":43,"column":44}},"21":{"start":{"line":44,"column":6},"end":{"line":44,"column":40}},"22":{"start":{"line":45,"column":6},"end":{"line":45,"column":20}},"23":{"start":{"line":47,"column":6},"end":{"line":47,"column":39}},"24":{"start":{"line":48,"column":6},"end":{"line":48,"column":57}},"25":{"start":{"line":49,"column":6},"end":{"line":49,"column":16}},"26":{"start":{"line":51,"column":6},"end":{"line":51,"column":27}},"27":{"start":{"line":56,"column":4},"end":{"line":62,"column":5}},"28":{"start":{"line":57,"column":21},"end":{"line":57,"column":45}},"29":{"start":{"line":58,"column":6},"end":{"line":58,"column":20}},"30":{"start":{"line":60,"column":6},"end":{"line":60,"column":63}},"31":{"start":{"line":61,"column":6},"end":{"line":61,"column":16}},"32":{"start":{"line":66,"column":4},"end":{"line":72,"column":5}},"33":{"start":{"line":67,"column":21},"end":{"line":67,"column":66}},"34":{"start":{"line":68,"column":6},"end":{"line":68,"column":20}},"35":{"start":{"line":70,"column":6},"end":{"line":70,"column":62}},"36":{"start":{"line":71,"column":6},"end":{"line":71,"column":16}},"37":{"start":{"line":76,"column":4},"end":{"line":82,"column":5}},"38":{"start":{"line":77,"column":21},"end":{"line":77,"column":69}},"39":{"start":{"line":78,"column":6},"end":{"line":78,"column":20}},"40":{"start":{"line":80,"column":6},"end":{"line":80,"column":62}},"41":{"start":{"line":81,"column":6},"end":{"line":81,"column":16}},"42":{"start":{"line":86,"column":4},"end":{"line":94,"column":5}},"43":{"start":{"line":87,"column":21},"end":{"line":89,"column":15}},"44":{"start":{"line":90,"column":6},"end":{"line":90,"column":20}},"45":{"start":{"line":92,"column":6},"end":{"line":92,"column":63}},"46":{"start":{"line":93,"column":6},"end":{"line":93,"column":16}},"47":{"start":{"line":98,"column":4},"end":{"line":104,"column":5}},"48":{"start":{"line":99,"column":21},"end":{"line":99,"column":63}},"49":{"start":{"line":100,"column":6},"end":{"line":100,"column":20}},"50":{"start":{"line":102,"column":6},"end":{"line":102,"column":63}},"51":{"start":{"line":103,"column":6},"end":{"line":103,"column":16}},"52":{"start":{"line":108,"column":4},"end":{"line":114,"column":5}},"53":{"start":{"line":109,"column":21},"end":{"line":109,"column":57}},"54":{"start":{"line":110,"column":6},"end":{"line":110,"column":20}},"55":{"start":{"line":112,"column":6},"end":{"line":112,"column":64}},"56":{"start":{"line":113,"column":6},"end":{"line":113,"column":16}},"57":{"start":{"line":118,"column":0},"end":{"line":118,"column":32}}},"fnMap":{"0":{"name":"(anonymous_0)","decl":{"start":{"line":5,"column":2},"end":{"line":5,"column":3}},"loc":{"start":{"line":5,"column":16},"end":{"line":7,"column":3}},"line":5},"1":{"name":"(anonymous_1)","decl":{"start":{"line":9,"column":2},"end":{"line":9,"column":3}},"loc":{"start":{"line":9,"column":18},"end":{"line":21,"column":3}},"line":9},"2":{"name":"(anonymous_2)","decl":{"start":{"line":23,"column":2},"end":{"line":23,"column":3}},"loc":{"start":{"line":23,"column":21},"end":{"line":36,"column":3}},"line":23},"3":{"name":"(anonymous_3)","decl":{"start":{"line":38,"column":2},"end":{"line":38,"column":3}},"loc":{"start":{"line":38,"column":30},"end":{"line":53,"column":3}},"line":38},"4":{"name":"(anonymous_4)","decl":{"start":{"line":55,"column":2},"end":{"line":55,"column":3}},"loc":{"start":{"line":55,"column":28},"end":{"line":63,"column":3}},"line":55},"5":{"name":"(anonymous_5)","decl":{"start":{"line":65,"column":2},"end":{"line":65,"column":3}},"loc":{"start":{"line":65,"column":46},"end":{"line":73,"column":3}},"line":65},"6":{"name":"(anonymous_6)","decl":{"start":{"line":75,"column":2},"end":{"line":75,"column":3}},"loc":{"start":{"line":75,"column":49},"end":{"line":83,"column":3}},"line":75},"7":{"name":"(anonymous_7)","decl":{"start":{"line":85,"column":2},"end":{"line":85,"column":3}},"loc":{"start":{"line":85,"column":66},"end":{"line":95,"column":3}},"line":85},"8":{"name":"(anonymous_8)","decl":{"start":{"line":97,"column":2},"end":{"line":97,"column":3}},"loc":{"start":{"line":97,"column":29},"end":{"line":105,"column":3}},"line":97},"9":{"name":"(anonymous_9)","decl":{"start":{"line":107,"column":2},"end":{"line":107,"column":3}},"loc":{"start":{"line":107,"column":33},"end":{"line":115,"column":3}},"line":107}},"branchMap":{"0":{"loc":{"start":{"line":25,"column":6},"end":{"line":31,"column":7}},"type":"if","locations":[{"start":{"line":25,"column":6},"end":{"line":31,"column":7}},{"start":{"line":29,"column":13},"end":{"line":31,"column":7}}],"line":25},"1":{"loc":{"start":{"line":65,"column":20},"end":{"line":65,"column":30}},"type":"default-arg","locations":[{"start":{"line":65,"column":28},"end":{"line":65,"column":30}}],"line":65},"2":{"loc":{"start":{"line":65,"column":32},"end":{"line":65,"column":44}},"type":"default-arg","locations":[{"start":{"line":65,"column":42},"end":{"line":65,"column":44}}],"line":65},"3":{"loc":{"start":{"line":75,"column":23},"end":{"line":75,"column":33}},"type":"default-arg","locations":[{"start":{"line":75,"column":31},"end":{"line":75,"column":33}}],"line":75},"4":{"loc":{"start":{"line":75,"column":35},"end":{"line":75,"column":47}},"type":"default-arg","locations":[{"start":{"line":75,"column":45},"end":{"line":75,"column":47}}],"line":75},"5":{"loc":{"start":{"line":85,"column":41},"end":{"line":85,"column":64}},"type":"default-arg","locations":[{"start":{"line":85,"column":51},"end":{"line":85,"column":64}}],"line":85}},"s":{"0":1,"1":1,"2":1,"3":0,"4":0,"5":0,"6":0,"7":0,"8":0,"9":0,"10":0,"11":0,"12":0,"13":0,"14":0,"15":0,"16":0,"17":0,"18":0,"19":0,"20":0,"21":0,"22":0,"23":0,"24":0,"25":0,"26":0,"27":1,"28":1,"29":1,"30":0,"31":0,"32":1,"33":1,"34":1,"35":0,"36":0,"37":5,"38":5,"39":5,"40":0,"41":0,"42":1,"43":1,"44":1,"45":0,"46":0,"47":1,"48":1,"49":1,"50":0,"51":0,"52":0,"53":0,"54":0,"55":0,"56":0,"57":1},"f":{"0":1,"1":0,"2":0,"3":0,"4":1,"5":1,"6":5,"7":1,"8":1,"9":0},"b":{"0":[0,0],"1":[0],"2":[0],"3":[0],"4":[5],"5":[1]},"_coverageSchema":"1a1c01bbd47fc00a2c39e90264f33305004495a9","hash":"fc585134d76e09253993fcc09d907971d2f57e65"}
,"/home/gold/dev/revenue-api/errors/AppError.js": {"path":"/home/gold/dev/revenue-api/errors/AppError.js","statementMap":{"0":{"start":{"line":3,"column":4},"end":{"line":3,"column":19}},"1":{"start":{"line":4,"column":4},"end":{"line":4,"column":33}},"2":{"start":{"line":8,"column":0},"end":{"line":8,"column":26}}},"fnMap":{"0":{"name":"(anonymous_0)","decl":{"start":{"line":2,"column":2},"end":{"line":2,"column":3}},"loc":{"start":{"line":2,"column":35},"end":{"line":5,"column":3}},"line":2}},"branchMap":{},"s":{"0":10,"1":10,"2":1},"f":{"0":10},"b":{},"_coverageSchema":"1a1c01bbd47fc00a2c39e90264f33305004495a9","hash":"443b6bbc65a6a5f670406e7ffa3feef19e6f18e9"}
,"/home/gold/dev/revenue-api/errors/AuthenticationError.js": {"path":"/home/gold/dev/revenue-api/errors/AuthenticationError.js","statementMap":{"0":{"start":{"line":1,"column":17},"end":{"line":1,"column":38}},"1":{"start":{"line":5,"column":4},"end":{"line":5,"column":24}},"2":{"start":{"line":9,"column":0},"end":{"line":9,"column":37}}},"fnMap":{"0":{"name":"(anonymous_0)","decl":{"start":{"line":4,"column":2},"end":{"line":4,"column":3}},"loc":{"start":{"line":4,"column":48},"end":{"line":6,"column":3}},"line":4}},"branchMap":{"0":{"loc":{"start":{"line":4,"column":14},"end":{"line":4,"column":46}},"type":"default-arg","locations":[{"start":{"line":4,"column":24},"end":{"line":4,"column":46}}],"line":4}},"s":{"0":1,"1":0,"2":1},"f":{"0":0},"b":{"0":[0]},"_coverageSchema":"1a1c01bbd47fc00a2c39e90264f33305004495a9","hash":"d610568ac8db9163024bafc013ee082a9265a59e"}
,"/home/gold/dev/revenue-api/errors/BadRequestError.js": {"path":"/home/gold/dev/revenue-api/errors/BadRequestError.js","statementMap":{"0":{"start":{"line":1,"column":17},"end":{"line":1,"column":38}},"1":{"start":{"line":5,"column":4},"end":{"line":5,"column":24}},"2":{"start":{"line":9,"column":0},"end":{"line":9,"column":33}}},"fnMap":{"0":{"name":"(anonymous_0)","decl":{"start":{"line":4,"column":2},"end":{"line":4,"column":3}},"loc":{"start":{"line":4,"column":43},"end":{"line":6,"column":3}},"line":4}},"branchMap":{"0":{"loc":{"start":{"line":4,"column":14},"end":{"line":4,"column":41}},"type":"default-arg","locations":[{"start":{"line":4,"column":24},"end":{"line":4,"column":41}}],"line":4}},"s":{"0":1,"1":7,"2":1},"f":{"0":7},"b":{"0":[0]},"_coverageSchema":"1a1c01bbd47fc00a2c39e90264f33305004495a9","hash":"0b35471772f8a5c7e0ca1b0dcebdf0de3546c438"}
,"/home/gold/dev/revenue-api/errors/InternalServerError.js": {"path":"/home/gold/dev/revenue-api/errors/InternalServerError.js","statementMap":{"0":{"start":{"line":1,"column":17},"end":{"line":1,"column":38}},"1":{"start":{"line":5,"column":4},"end":{"line":5,"column":24}},"2":{"start":{"line":9,"column":0},"end":{"line":9,"column":37}}},"fnMap":{"0":{"name":"(anonymous_0)","decl":{"start":{"line":4,"column":2},"end":{"line":4,"column":3}},"loc":{"start":{"line":4,"column":49},"end":{"line":6,"column":3}},"line":4}},"branchMap":{"0":{"loc":{"start":{"line":4,"column":14},"end":{"line":4,"column":47}},"type":"default-arg","locations":[{"start":{"line":4,"column":24},"end":{"line":4,"column":47}}],"line":4}},"s":{"0":1,"1":3,"2":1},"f":{"0":3},"b":{"0":[0]},"_coverageSchema":"1a1c01bbd47fc00a2c39e90264f33305004495a9","hash":"3ae432b6b309f29b45f2310f65448ecb287ef4c6"}
,"/home/gold/dev/revenue-api/errors/NotAuthorizedError.js": {"path":"/home/gold/dev/revenue-api/errors/NotAuthorizedError.js","statementMap":{"0":{"start":{"line":1,"column":17},"end":{"line":1,"column":38}},"1":{"start":{"line":5,"column":4},"end":{"line":5,"column":24}},"2":{"start":{"line":9,"column":0},"end":{"line":9,"column":36}}},"fnMap":{"0":{"name":"(anonymous_0)","decl":{"start":{"line":4,"column":2},"end":{"line":4,"column":3}},"loc":{"start":{"line":4,"column":48},"end":{"line":6,"column":3}},"line":4}},"branchMap":{"0":{"loc":{"start":{"line":4,"column":14},"end":{"line":4,"column":46}},"type":"default-arg","locations":[{"start":{"line":4,"column":24},"end":{"line":4,"column":46}}],"line":4}},"s":{"0":1,"1":0,"2":1},"f":{"0":0},"b":{"0":[0]},"_coverageSchema":"1a1c01bbd47fc00a2c39e90264f33305004495a9","hash":"1f549a5b7f71f3da4fb0ce0f1dea9d22870761b6"}
,"/home/gold/dev/revenue-api/helpers/dateAndTime.js": {"path":"/home/gold/dev/revenue-api/helpers/dateAndTime.js","statementMap":{"0":{"start":{"line":1,"column":22},"end":{"line":9,"column":1}},"1":{"start":{"line":2,"column":14},"end":{"line":2,"column":24}},"2":{"start":{"line":3,"column":21},"end":{"line":5,"column":3}},"3":{"start":{"line":6,"column":19},"end":{"line":6,"column":39}},"4":{"start":{"line":7,"column":2},"end":{"line":7,"column":51}},"5":{"start":{"line":8,"column":2},"end":{"line":8,"column":46}},"6":{"start":{"line":11,"column":26},"end":{"line":19,"column":1}},"7":{"start":{"line":12,"column":14},"end":{"line":12,"column":24}},"8":{"start":{"line":13,"column":21},"end":{"line":15,"column":3}},"9":{"start":{"line":16,"column":19},"end":{"line":16,"column":39}},"10":{"start":{"line":17,"column":2},"end":{"line":17,"column":51}},"11":{"start":{"line":18,"column":2},"end":{"line":18,"column":46}},"12":{"start":{"line":21,"column":21},"end":{"line":39,"column":1}},"13":{"start":{"line":22,"column":14},"end":{"line":22,"column":24}},"14":{"start":{"line":24,"column":20},"end":{"line":24,"column":35}},"15":{"start":{"line":25,"column":23},"end":{"line":25,"column":59}},"16":{"start":{"line":26,"column":22},"end":{"line":32,"column":3}},"17":{"start":{"line":35,"column":20},"end":{"line":35,"column":41}},"18":{"start":{"line":36,"column":2},"end":{"line":36,"column":53}},"19":{"start":{"line":38,"column":2},"end":{"line":38,"column":48}},"20":{"start":{"line":42,"column":22},"end":{"line":55,"column":1}},"21":{"start":{"line":43,"column":14},"end":{"line":43,"column":24}},"22":{"start":{"line":45,"column":23},"end":{"line":47,"column":3}},"23":{"start":{"line":50,"column":27},"end":{"line":52,"column":3}},"24":{"start":{"line":54,"column":2},"end":{"line":54,"column":56}},"25":{"start":{"line":57,"column":0},"end":{"line":62,"column":2}}},"fnMap":{"0":{"name":"(anonymous_0)","decl":{"start":{"line":1,"column":22},"end":{"line":1,"column":23}},"loc":{"start":{"line":1,"column":28},"end":{"line":9,"column":1}},"line":1},"1":{"name":"(anonymous_1)","decl":{"start":{"line":11,"column":26},"end":{"line":11,"column":27}},"loc":{"start":{"line":11,"column":32},"end":{"line":19,"column":1}},"line":11},"2":{"name":"(anonymous_2)","decl":{"start":{"line":21,"column":21},"end":{"line":21,"column":22}},"loc":{"start":{"line":21,"column":27},"end":{"line":39,"column":1}},"line":21},"3":{"name":"(anonymous_3)","decl":{"start":{"line":42,"column":22},"end":{"line":42,"column":23}},"loc":{"start":{"line":42,"column":28},"end":{"line":55,"column":1}},"line":42}},"branchMap":{"0":{"loc":{"start":{"line":25,"column":23},"end":{"line":25,"column":59}},"type":"cond-expr","locations":[{"start":{"line":25,"column":41},"end":{"line":25,"column":43}},{"start":{"line":25,"column":46},"end":{"line":25,"column":59}}],"line":25}},"s":{"0":1,"1":0,"2":0,"3":0,"4":0,"5":0,"6":1,"7":0,"8":0,"9":0,"10":0,"11":0,"12":1,"13":0,"14":0,"15":0,"16":0,"17":0,"18":0,"19":0,"20":1,"21":0,"22":0,"23":0,"24":0,"25":1},"f":{"0":0,"1":0,"2":0,"3":0},"b":{"0":[0,0]},"_coverageSchema":"1a1c01bbd47fc00a2c39e90264f33305004495a9","hash":"b8d1450b282b8849209f183725d1d34d08b16126"}
,"/home/gold/dev/revenue-api/helpers/encryption.js": {"path":"/home/gold/dev/revenue-api/helpers/encryption.js","statementMap":{"0":{"start":{"line":1,"column":15},"end":{"line":1,"column":34}},"1":{"start":{"line":3,"column":21},"end":{"line":12,"column":1}},"2":{"start":{"line":4,"column":2},"end":{"line":11,"column":3}},"3":{"start":{"line":5,"column":17},"end":{"line":5,"column":43}},"4":{"start":{"line":6,"column":27},"end":{"line":6,"column":60}},"5":{"start":{"line":8,"column":4},"end":{"line":8,"column":26}},"6":{"start":{"line":10,"column":4},"end":{"line":10,"column":21}},"7":{"start":{"line":14,"column":25},"end":{"line":16,"column":1}},"8":{"start":{"line":15,"column":2},"end":{"line":15,"column":49}},"9":{"start":{"line":18,"column":0},"end":{"line":18,"column":52}}},"fnMap":{"0":{"name":"(anonymous_0)","decl":{"start":{"line":3,"column":21},"end":{"line":3,"column":22}},"loc":{"start":{"line":3,"column":52},"end":{"line":12,"column":1}},"line":3},"1":{"name":"(anonymous_1)","decl":{"start":{"line":14,"column":25},"end":{"line":14,"column":26}},"loc":{"start":{"line":14,"column":60},"end":{"line":16,"column":1}},"line":14}},"branchMap":{"0":{"loc":{"start":{"line":3,"column":38},"end":{"line":3,"column":47}},"type":"default-arg","locations":[{"start":{"line":3,"column":45},"end":{"line":3,"column":47}}],"line":3}},"s":{"0":1,"1":1,"2":1,"3":1,"4":1,"5":1,"6":0,"7":1,"8":2,"9":1},"f":{"0":1,"1":2},"b":{"0":[1]},"_coverageSchema":"1a1c01bbd47fc00a2c39e90264f33305004495a9","hash":"1a2e266940812df9a0c91dbd97390a315c9e4794"}
,"/home/gold/dev/revenue-api/helpers/token.js": {"path":"/home/gold/dev/revenue-api/helpers/token.js","statementMap":{"0":{"start":{"line":1,"column":12},"end":{"line":1,"column":35}},"1":{"start":{"line":2,"column":21},"end":{"line":2,"column":47}},"2":{"start":{"line":3,"column":0},"end":{"line":3,"column":27}},"3":{"start":{"line":5,"column":15},"end":{"line":12,"column":1}},"4":{"start":{"line":14,"column":18},"end":{"line":16,"column":1}},"5":{"start":{"line":15,"column":2},"end":{"line":15,"column":74}},"6":{"start":{"line":18,"column":20},"end":{"line":20,"column":1}},"7":{"start":{"line":19,"column":2},"end":{"line":19,"column":50}},"8":{"start":{"line":22,"column":0},"end":{"line":22,"column":44}}},"fnMap":{"0":{"name":"(anonymous_0)","decl":{"start":{"line":14,"column":18},"end":{"line":14,"column":19}},"loc":{"start":{"line":14,"column":63},"end":{"line":16,"column":1}},"line":14},"1":{"name":"(anonymous_1)","decl":{"start":{"line":18,"column":20},"end":{"line":18,"column":21}},"loc":{"start":{"line":18,"column":31},"end":{"line":20,"column":1}},"line":18}},"branchMap":{"0":{"loc":{"start":{"line":14,"column":19},"end":{"line":14,"column":41}},"type":"default-arg","locations":[{"start":{"line":14,"column":28},"end":{"line":14,"column":41}}],"line":14},"1":{"loc":{"start":{"line":14,"column":43},"end":{"line":14,"column":58}},"type":"default-arg","locations":[{"start":{"line":14,"column":54},"end":{"line":14,"column":58}}],"line":14}},"s":{"0":1,"1":1,"2":1,"3":1,"4":1,"5":2,"6":1,"7":6,"8":1},"f":{"0":2,"1":6},"b":{"0":[0],"1":[1]},"_coverageSchema":"1a1c01bbd47fc00a2c39e90264f33305004495a9","hash":"156d28a0f77e8650169e6f2ec083b538e711588f"}
,"/home/gold/dev/revenue-api/middlewares/errorHandler.js": {"path":"/home/gold/dev/revenue-api/middlewares/errorHandler.js","statementMap":{"0":{"start":{"line":1,"column":17},"end":{"line":1,"column":46}},"1":{"start":{"line":4,"column":2},"end":{"line":14,"column":3}},"2":{"start":{"line":5,"column":4},"end":{"line":10,"column":5}},"3":{"start":{"line":6,"column":6},"end":{"line":6,"column":63}},"4":{"start":{"line":7,"column":6},"end":{"line":7,"column":63}},"5":{"start":{"line":9,"column":6},"end":{"line":9,"column":62}},"6":{"start":{"line":12,"column":4},"end":{"line":12,"column":61}},"7":{"start":{"line":13,"column":4},"end":{"line":13,"column":61}},"8":{"start":{"line":17,"column":0},"end":{"line":17,"column":30}}},"fnMap":{"0":{"name":"errorHandler","decl":{"start":{"line":3,"column":9},"end":{"line":3,"column":21}},"loc":{"start":{"line":3,"column":43},"end":{"line":15,"column":1}},"line":3}},"branchMap":{"0":{"loc":{"start":{"line":4,"column":2},"end":{"line":14,"column":3}},"type":"if","locations":[{"start":{"line":4,"column":2},"end":{"line":14,"column":3}},{"start":{"line":11,"column":9},"end":{"line":14,"column":3}}],"line":4},"1":{"loc":{"start":{"line":5,"column":4},"end":{"line":10,"column":5}},"type":"if","locations":[{"start":{"line":5,"column":4},"end":{"line":10,"column":5}},{"start":{"line":8,"column":11},"end":{"line":10,"column":5}}],"line":5}},"s":{"0":1,"1":4,"2":4,"3":0,"4":0,"5":4,"6":0,"7":0,"8":1},"f":{"0":4},"b":{"0":[4,0],"1":[0,4]},"_coverageSchema":"1a1c01bbd47fc00a2c39e90264f33305004495a9","hash":"12881eed10604544f0c7e5efea1b08577a3bedd4"}
,"/home/gold/dev/revenue-api/middlewares/isAdmin.js": {"path":"/home/gold/dev/revenue-api/middlewares/isAdmin.js","statementMap":{"0":{"start":{"line":1,"column":12},"end":{"line":1,"column":35}},"1":{"start":{"line":2,"column":27},"end":{"line":2,"column":66}},"2":{"start":{"line":3,"column":23},"end":{"line":3,"column":46}},"3":{"start":{"line":5,"column":0},"end":{"line":10,"column":2}},"4":{"start":{"line":6,"column":2},"end":{"line":8,"column":3}},"5":{"start":{"line":7,"column":4},"end":{"line":7,"column":51}},"6":{"start":{"line":9,"column":2},"end":{"line":9,"column":9}}},"fnMap":{"0":{"name":"(anonymous_0)","decl":{"start":{"line":5,"column":17},"end":{"line":5,"column":18}},"loc":{"start":{"line":5,"column":43},"end":{"line":10,"column":1}},"line":5}},"branchMap":{"0":{"loc":{"start":{"line":6,"column":2},"end":{"line":8,"column":3}},"type":"if","locations":[{"start":{"line":6,"column":2},"end":{"line":8,"column":3}},{"start":{},"end":{}}],"line":6},"1":{"loc":{"start":{"line":6,"column":6},"end":{"line":6,"column":53}},"type":"binary-expr","locations":[{"start":{"line":6,"column":6},"end":{"line":6,"column":15}},{"start":{"line":6,"column":19},"end":{"line":6,"column":53}}],"line":6}},"s":{"0":1,"1":1,"2":1,"3":1,"4":5,"5":0,"6":5},"f":{"0":5},"b":{"0":[0,5],"1":[5,5]},"_coverageSchema":"1a1c01bbd47fc00a2c39e90264f33305004495a9","hash":"5f98aaa1f482f0d9f6d87e3b2db2a1599cb48a4a"}
,"/home/gold/dev/revenue-api/middlewares/isAuth.js": {"path":"/home/gold/dev/revenue-api/middlewares/isAuth.js","statementMap":{"0":{"start":{"line":1,"column":21},"end":{"line":1,"column":47}},"1":{"start":{"line":2,"column":28},"end":{"line":2,"column":68}},"2":{"start":{"line":3,"column":24},"end":{"line":3,"column":51}},"3":{"start":{"line":5,"column":0},"end":{"line":30,"column":2}},"4":{"start":{"line":6,"column":21},"end":{"line":6,"column":49}},"5":{"start":{"line":7,"column":16},"end":{"line":7,"column":54}},"6":{"start":{"line":9,"column":2},"end":{"line":11,"column":3}},"7":{"start":{"line":10,"column":4},"end":{"line":10,"column":67}},"8":{"start":{"line":14,"column":2},"end":{"line":18,"column":3}},"9":{"start":{"line":15,"column":4},"end":{"line":15,"column":34}},"10":{"start":{"line":17,"column":4},"end":{"line":17,"column":66}},"11":{"start":{"line":20,"column":2},"end":{"line":26,"column":3}},"12":{"start":{"line":25,"column":4},"end":{"line":25,"column":51}},"13":{"start":{"line":28,"column":2},"end":{"line":28,"column":22}},"14":{"start":{"line":29,"column":2},"end":{"line":29,"column":9}}},"fnMap":{"0":{"name":"(anonymous_0)","decl":{"start":{"line":5,"column":17},"end":{"line":5,"column":18}},"loc":{"start":{"line":5,"column":43},"end":{"line":30,"column":1}},"line":5}},"branchMap":{"0":{"loc":{"start":{"line":7,"column":16},"end":{"line":7,"column":54}},"type":"binary-expr","locations":[{"start":{"line":7,"column":16},"end":{"line":7,"column":26}},{"start":{"line":7,"column":30},"end":{"line":7,"column":54}}],"line":7},"1":{"loc":{"start":{"line":9,"column":2},"end":{"line":11,"column":3}},"type":"if","locations":[{"start":{"line":9,"column":2},"end":{"line":11,"column":3}},{"start":{},"end":{}}],"line":9},"2":{"loc":{"start":{"line":20,"column":2},"end":{"line":26,"column":3}},"type":"if","locations":[{"start":{"line":20,"column":2},"end":{"line":26,"column":3}},{"start":{},"end":{}}],"line":20},"3":{"loc":{"start":{"line":21,"column":4},"end":{"line":23,"column":42}},"type":"binary-expr","locations":[{"start":{"line":21,"column":4},"end":{"line":21,"column":13}},{"start":{"line":22,"column":4},"end":{"line":22,"column":44}},{"start":{"line":23,"column":4},"end":{"line":23,"column":42}}],"line":21}},"s":{"0":1,"1":1,"2":1,"3":1,"4":6,"5":6,"6":6,"7":0,"8":6,"9":6,"10":0,"11":6,"12":0,"13":6,"14":6},"f":{"0":6},"b":{"0":[6,6],"1":[0,6],"2":[0,6],"3":[6,6,6]},"_coverageSchema":"1a1c01bbd47fc00a2c39e90264f33305004495a9","hash":"8ee02c2f7ba1cc3252e3f0087a3d9613229e2c2c"}
,"/home/gold/dev/revenue-api/models/Account.js": {"path":"/home/gold/dev/revenue-api/models/Account.js","statementMap":{"0":{"start":{"line":1,"column":17},"end":{"line":1,"column":36}},"1":{"start":{"line":3,"column":22},"end":{"line":15,"column":2}},"2":{"start":{"line":6,"column":44},"end":{"line":6,"column":54}},"3":{"start":{"line":17,"column":0},"end":{"line":17,"column":58}}},"fnMap":{"0":{"name":"(anonymous_0)","decl":{"start":{"line":6,"column":38},"end":{"line":6,"column":39}},"loc":{"start":{"line":6,"column":44},"end":{"line":6,"column":54}},"line":6}},"branchMap":{},"s":{"0":1,"1":1,"2":0,"3":1},"f":{"0":0},"b":{},"_coverageSchema":"1a1c01bbd47fc00a2c39e90264f33305004495a9","hash":"33c3650ecb86532cfc4836836f8625e8064ac5c7"}
,"/home/gold/dev/revenue-api/models/History.js": {"path":"/home/gold/dev/revenue-api/models/History.js","statementMap":{"0":{"start":{"line":1,"column":17},"end":{"line":1,"column":36}},"1":{"start":{"line":3,"column":16},"end":{"line":6,"column":2}},"2":{"start":{"line":8,"column":16},"end":{"line":22,"column":2}},"3":{"start":{"line":11,"column":19},"end":{"line":11,"column":29}},"4":{"start":{"line":24,"column":0},"end":{"line":24,"column":52}}},"fnMap":{"0":{"name":"(anonymous_0)","decl":{"start":{"line":11,"column":13},"end":{"line":11,"column":14}},"loc":{"start":{"line":11,"column":19},"end":{"line":11,"column":29}},"line":11}},"branchMap":{},"s":{"0":1,"1":1,"2":1,"3":0,"4":1},"f":{"0":0},"b":{},"_coverageSchema":"1a1c01bbd47fc00a2c39e90264f33305004495a9","hash":"230d5e9f151a47b9ca284d64daf2770b686a4610"}
,"/home/gold/dev/revenue-api/models/Move.js": {"path":"/home/gold/dev/revenue-api/models/Move.js","statementMap":{"0":{"start":{"line":1,"column":17},"end":{"line":1,"column":36}},"1":{"start":{"line":3,"column":19},"end":{"line":18,"column":2}},"2":{"start":{"line":12,"column":19},"end":{"line":12,"column":29}},"3":{"start":{"line":20,"column":0},"end":{"line":20,"column":52}}},"fnMap":{"0":{"name":"(anonymous_0)","decl":{"start":{"line":12,"column":13},"end":{"line":12,"column":14}},"loc":{"start":{"line":12,"column":19},"end":{"line":12,"column":29}},"line":12}},"branchMap":{},"s":{"0":1,"1":1,"2":0,"3":1},"f":{"0":0},"b":{},"_coverageSchema":"1a1c01bbd47fc00a2c39e90264f33305004495a9","hash":"693947a8e444cba36fb66206f593abccc6afc0e0"}
,"/home/gold/dev/revenue-api/models/Shop.js": {"path":"/home/gold/dev/revenue-api/models/Shop.js","statementMap":{"0":{"start":{"line":1,"column":17},"end":{"line":1,"column":36}},"1":{"start":{"line":3,"column":19},"end":{"line":6,"column":2}},"2":{"start":{"line":8,"column":0},"end":{"line":8,"column":52}}},"fnMap":{},"branchMap":{},"s":{"0":1,"1":1,"2":1},"f":{},"b":{},"_coverageSchema":"1a1c01bbd47fc00a2c39e90264f33305004495a9","hash":"27992956531e5e2285758f075ecddbea0e5257d9"}
,"/home/gold/dev/revenue-api/models/User.js": {"path":"/home/gold/dev/revenue-api/models/User.js","statementMap":{"0":{"start":{"line":1,"column":17},"end":{"line":1,"column":36}},"1":{"start":{"line":3,"column":19},"end":{"line":10,"column":2}},"2":{"start":{"line":12,"column":0},"end":{"line":12,"column":52}}},"fnMap":{},"branchMap":{},"s":{"0":1,"1":1,"2":1},"f":{},"b":{},"_coverageSchema":"1a1c01bbd47fc00a2c39e90264f33305004495a9","hash":"c4d6f55955389530910e4c53b598eef17872c916"}
,"/home/gold/dev/revenue-api/repositories/accountRepository.js": {"path":"/home/gold/dev/revenue-api/repositories/accountRepository.js","statementMap":{"0":{"start":{"line":1,"column":16},"end":{"line":1,"column":44}},"1":{"start":{"line":2,"column":17},"end":{"line":2,"column":42}},"2":{"start":{"line":6,"column":4},"end":{"line":6,"column":49}},"3":{"start":{"line":10,"column":20},"end":{"line":10,"column":41}},"4":{"start":{"line":11,"column":4},"end":{"line":13,"column":5}},"5":{"start":{"line":12,"column":6},"end":{"line":12,"column":32}},"6":{"start":{"line":14,"column":4},"end":{"line":14,"column":55}},"7":{"start":{"line":18,"column":20},"end":{"line":18,"column":22}},"8":{"start":{"line":19,"column":4},"end":{"line":21,"column":5}},"9":{"start":{"line":20,"column":6},"end":{"line":20,"column":32}},"10":{"start":{"line":22,"column":4},"end":{"line":22,"column":66}},"11":{"start":{"line":26,"column":20},"end":{"line":26,"column":33}},"12":{"start":{"line":27,"column":4},"end":{"line":29,"column":5}},"13":{"start":{"line":28,"column":6},"end":{"line":28,"column":32}},"14":{"start":{"line":30,"column":4},"end":{"line":30,"column":77}},"15":{"start":{"line":34,"column":20},"end":{"line":34,"column":22}},"16":{"start":{"line":35,"column":4},"end":{"line":37,"column":5}},"17":{"start":{"line":36,"column":6},"end":{"line":36,"column":32}},"18":{"start":{"line":38,"column":4},"end":{"line":38,"column":65}},"19":{"start":{"line":42,"column":20},"end":{"line":42,"column":22}},"20":{"start":{"line":43,"column":4},"end":{"line":45,"column":5}},"21":{"start":{"line":44,"column":6},"end":{"line":44,"column":32}},"22":{"start":{"line":46,"column":4},"end":{"line":46,"column":56}},"23":{"start":{"line":50,"column":18},"end":{"line":50,"column":20}},"24":{"start":{"line":52,"column":4},"end":{"line":54,"column":5}},"25":{"start":{"line":53,"column":6},"end":{"line":53,"column":32}},"26":{"start":{"line":55,"column":4},"end":{"line":55,"column":64}},"27":{"start":{"line":59,"column":0},"end":{"line":59,"column":41}}},"fnMap":{"0":{"name":"(anonymous_0)","decl":{"start":{"line":5,"column":2},"end":{"line":5,"column":3}},"loc":{"start":{"line":5,"column":28},"end":{"line":7,"column":3}},"line":5},"1":{"name":"(anonymous_1)","decl":{"start":{"line":9,"column":2},"end":{"line":9,"column":3}},"loc":{"start":{"line":9,"column":45},"end":{"line":15,"column":3}},"line":9},"2":{"name":"(anonymous_2)","decl":{"start":{"line":17,"column":2},"end":{"line":17,"column":3}},"loc":{"start":{"line":17,"column":44},"end":{"line":23,"column":3}},"line":17},"3":{"name":"(anonymous_3)","decl":{"start":{"line":25,"column":2},"end":{"line":25,"column":3}},"loc":{"start":{"line":25,"column":58},"end":{"line":31,"column":3}},"line":25},"4":{"name":"(anonymous_4)","decl":{"start":{"line":33,"column":2},"end":{"line":33,"column":3}},"loc":{"start":{"line":33,"column":46},"end":{"line":39,"column":3}},"line":33},"5":{"name":"(anonymous_5)","decl":{"start":{"line":41,"column":2},"end":{"line":41,"column":3}},"loc":{"start":{"line":41,"column":42},"end":{"line":47,"column":3}},"line":41},"6":{"name":"(anonymous_6)","decl":{"start":{"line":49,"column":2},"end":{"line":49,"column":3}},"loc":{"start":{"line":49,"column":50},"end":{"line":56,"column":3}},"line":49}},"branchMap":{"0":{"loc":{"start":{"line":9,"column":29},"end":{"line":9,"column":43}},"type":"default-arg","locations":[{"start":{"line":9,"column":39},"end":{"line":9,"column":43}}],"line":9},"1":{"loc":{"start":{"line":11,"column":4},"end":{"line":13,"column":5}},"type":"if","locations":[{"start":{"line":11,"column":4},"end":{"line":13,"column":5}},{"start":{},"end":{}}],"line":11},"2":{"loc":{"start":{"line":17,"column":28},"end":{"line":17,"column":42}},"type":"default-arg","locations":[{"start":{"line":17,"column":38},"end":{"line":17,"column":42}}],"line":17},"3":{"loc":{"start":{"line":19,"column":4},"end":{"line":21,"column":5}},"type":"if","locations":[{"start":{"line":19,"column":4},"end":{"line":21,"column":5}},{"start":{},"end":{}}],"line":19},"4":{"loc":{"start":{"line":25,"column":42},"end":{"line":25,"column":56}},"type":"default-arg","locations":[{"start":{"line":25,"column":52},"end":{"line":25,"column":56}}],"line":25},"5":{"loc":{"start":{"line":27,"column":4},"end":{"line":29,"column":5}},"type":"if","locations":[{"start":{"line":27,"column":4},"end":{"line":29,"column":5}},{"start":{},"end":{}}],"line":27},"6":{"loc":{"start":{"line":33,"column":30},"end":{"line":33,"column":44}},"type":"default-arg","locations":[{"start":{"line":33,"column":40},"end":{"line":33,"column":44}}],"line":33},"7":{"loc":{"start":{"line":35,"column":4},"end":{"line":37,"column":5}},"type":"if","locations":[{"start":{"line":35,"column":4},"end":{"line":37,"column":5}},{"start":{},"end":{}}],"line":35},"8":{"loc":{"start":{"line":41,"column":26},"end":{"line":41,"column":40}},"type":"default-arg","locations":[{"start":{"line":41,"column":36},"end":{"line":41,"column":40}}],"line":41},"9":{"loc":{"start":{"line":43,"column":4},"end":{"line":45,"column":5}},"type":"if","locations":[{"start":{"line":43,"column":4},"end":{"line":45,"column":5}},{"start":{},"end":{}}],"line":43},"10":{"loc":{"start":{"line":49,"column":34},"end":{"line":49,"column":48}},"type":"default-arg","locations":[{"start":{"line":49,"column":44},"end":{"line":49,"column":48}}],"line":49},"11":{"loc":{"start":{"line":52,"column":4},"end":{"line":54,"column":5}},"type":"if","locations":[{"start":{"line":52,"column":4},"end":{"line":54,"column":5}},{"start":{},"end":{}}],"line":52}},"s":{"0":1,"1":1,"2":0,"3":0,"4":0,"5":0,"6":0,"7":0,"8":0,"9":0,"10":0,"11":0,"12":0,"13":0,"14":0,"15":0,"16":0,"17":0,"18":0,"19":0,"20":0,"21":0,"22":0,"23":0,"24":0,"25":0,"26":0,"27":1},"f":{"0":0,"1":0,"2":0,"3":0,"4":0,"5":0,"6":0},"b":{"0":[0],"1":[0,0],"2":[0],"3":[0,0],"4":[0],"5":[0,0],"6":[0],"7":[0,0],"8":[0],"9":[0,0],"10":[0],"11":[0,0]},"_coverageSchema":"1a1c01bbd47fc00a2c39e90264f33305004495a9","hash":"a4d645a51ad60293f68ce447fdef65ab88414de4"}
,"/home/gold/dev/revenue-api/repositories/historyRepository.js": {"path":"/home/gold/dev/revenue-api/repositories/historyRepository.js","statementMap":{"0":{"start":{"line":1,"column":16},"end":{"line":1,"column":44}},"1":{"start":{"line":2,"column":17},"end":{"line":2,"column":42}},"2":{"start":{"line":6,"column":18},"end":{"line":12,"column":5}},"3":{"start":{"line":13,"column":20},"end":{"line":13,"column":42}},"4":{"start":{"line":14,"column":4},"end":{"line":14,"column":50}},"5":{"start":{"line":18,"column":20},"end":{"line":18,"column":22}},"6":{"start":{"line":19,"column":4},"end":{"line":21,"column":5}},"7":{"start":{"line":20,"column":6},"end":{"line":20,"column":32}},"8":{"start":{"line":22,"column":4},"end":{"line":22,"column":58}},"9":{"start":{"line":26,"column":20},"end":{"line":26,"column":22}},"10":{"start":{"line":27,"column":4},"end":{"line":29,"column":5}},"11":{"start":{"line":28,"column":6},"end":{"line":28,"column":32}},"12":{"start":{"line":30,"column":4},"end":{"line":30,"column":56}},"13":{"start":{"line":34,"column":0},"end":{"line":34,"column":41}}},"fnMap":{"0":{"name":"(anonymous_0)","decl":{"start":{"line":5,"column":2},"end":{"line":5,"column":3}},"loc":{"start":{"line":5,"column":42},"end":{"line":15,"column":3}},"line":5},"1":{"name":"(anonymous_1)","decl":{"start":{"line":17,"column":2},"end":{"line":17,"column":3}},"loc":{"start":{"line":17,"column":44},"end":{"line":23,"column":3}},"line":17},"2":{"name":"(anonymous_2)","decl":{"start":{"line":25,"column":2},"end":{"line":25,"column":3}},"loc":{"start":{"line":25,"column":42},"end":{"line":31,"column":3}},"line":25}},"branchMap":{"0":{"loc":{"start":{"line":17,"column":28},"end":{"line":17,"column":42}},"type":"default-arg","locations":[{"start":{"line":17,"column":38},"end":{"line":17,"column":42}}],"line":17},"1":{"loc":{"start":{"line":19,"column":4},"end":{"line":21,"column":5}},"type":"if","locations":[{"start":{"line":19,"column":4},"end":{"line":21,"column":5}},{"start":{},"end":{}}],"line":19},"2":{"loc":{"start":{"line":25,"column":26},"end":{"line":25,"column":40}},"type":"default-arg","locations":[{"start":{"line":25,"column":36},"end":{"line":25,"column":40}}],"line":25},"3":{"loc":{"start":{"line":27,"column":4},"end":{"line":29,"column":5}},"type":"if","locations":[{"start":{"line":27,"column":4},"end":{"line":29,"column":5}},{"start":{},"end":{}}],"line":27}},"s":{"0":1,"1":1,"2":0,"3":0,"4":0,"5":0,"6":0,"7":0,"8":0,"9":0,"10":0,"11":0,"12":0,"13":1},"f":{"0":0,"1":0,"2":0},"b":{"0":[0],"1":[0,0],"2":[0],"3":[0,0]},"_coverageSchema":"1a1c01bbd47fc00a2c39e90264f33305004495a9","hash":"2aa5a8d7af7b326118f29dfb2d55fde7c24c2d0c"}
,"/home/gold/dev/revenue-api/repositories/moveRepository.js": {"path":"/home/gold/dev/revenue-api/repositories/moveRepository.js","statementMap":{"0":{"start":{"line":1,"column":13},"end":{"line":1,"column":38}},"1":{"start":{"line":2,"column":17},"end":{"line":2,"column":42}},"2":{"start":{"line":6,"column":20},"end":{"line":6,"column":42}},"3":{"start":{"line":7,"column":4},"end":{"line":9,"column":5}},"4":{"start":{"line":8,"column":6},"end":{"line":8,"column":32}},"5":{"start":{"line":10,"column":4},"end":{"line":10,"column":47}},"6":{"start":{"line":14,"column":20},"end":{"line":14,"column":22}},"7":{"start":{"line":15,"column":4},"end":{"line":17,"column":5}},"8":{"start":{"line":16,"column":6},"end":{"line":16,"column":32}},"9":{"start":{"line":18,"column":4},"end":{"line":18,"column":56}},"10":{"start":{"line":22,"column":20},"end":{"line":22,"column":22}},"11":{"start":{"line":23,"column":4},"end":{"line":25,"column":5}},"12":{"start":{"line":24,"column":6},"end":{"line":24,"column":32}},"13":{"start":{"line":26,"column":4},"end":{"line":26,"column":52}},"14":{"start":{"line":30,"column":20},"end":{"line":30,"column":22}},"15":{"start":{"line":31,"column":4},"end":{"line":33,"column":5}},"16":{"start":{"line":32,"column":6},"end":{"line":32,"column":32}},"17":{"start":{"line":34,"column":4},"end":{"line":34,"column":55}},"18":{"start":{"line":37,"column":20},"end":{"line":37,"column":22}},"19":{"start":{"line":38,"column":4},"end":{"line":40,"column":5}},"20":{"start":{"line":39,"column":6},"end":{"line":39,"column":32}},"21":{"start":{"line":41,"column":4},"end":{"line":41,"column":53}},"22":{"start":{"line":45,"column":0},"end":{"line":45,"column":38}}},"fnMap":{"0":{"name":"(anonymous_0)","decl":{"start":{"line":5,"column":2},"end":{"line":5,"column":3}},"loc":{"start":{"line":5,"column":36},"end":{"line":11,"column":3}},"line":5},"1":{"name":"(anonymous_1)","decl":{"start":{"line":13,"column":2},"end":{"line":13,"column":3}},"loc":{"start":{"line":13,"column":37},"end":{"line":19,"column":3}},"line":13},"2":{"name":"(anonymous_2)","decl":{"start":{"line":21,"column":2},"end":{"line":21,"column":3}},"loc":{"start":{"line":21,"column":39},"end":{"line":27,"column":3}},"line":21},"3":{"name":"(anonymous_3)","decl":{"start":{"line":29,"column":2},"end":{"line":29,"column":3}},"loc":{"start":{"line":29,"column":39},"end":{"line":35,"column":3}},"line":29},"4":{"name":"(anonymous_4)","decl":{"start":{"line":36,"column":2},"end":{"line":36,"column":3}},"loc":{"start":{"line":36,"column":42},"end":{"line":42,"column":3}},"line":36}},"branchMap":{"0":{"loc":{"start":{"line":5,"column":20},"end":{"line":5,"column":34}},"type":"default-arg","locations":[{"start":{"line":5,"column":30},"end":{"line":5,"column":34}}],"line":5},"1":{"loc":{"start":{"line":7,"column":4},"end":{"line":9,"column":5}},"type":"if","locations":[{"start":{"line":7,"column":4},"end":{"line":9,"column":5}},{"start":{},"end":{}}],"line":7},"2":{"loc":{"start":{"line":13,"column":21},"end":{"line":13,"column":35}},"type":"default-arg","locations":[{"start":{"line":13,"column":31},"end":{"line":13,"column":35}}],"line":13},"3":{"loc":{"start":{"line":15,"column":4},"end":{"line":17,"column":5}},"type":"if","locations":[{"start":{"line":15,"column":4},"end":{"line":17,"column":5}},{"start":{},"end":{}}],"line":15},"4":{"loc":{"start":{"line":21,"column":23},"end":{"line":21,"column":37}},"type":"default-arg","locations":[{"start":{"line":21,"column":33},"end":{"line":21,"column":37}}],"line":21},"5":{"loc":{"start":{"line":23,"column":4},"end":{"line":25,"column":5}},"type":"if","locations":[{"start":{"line":23,"column":4},"end":{"line":25,"column":5}},{"start":{},"end":{}}],"line":23},"6":{"loc":{"start":{"line":29,"column":23},"end":{"line":29,"column":37}},"type":"default-arg","locations":[{"start":{"line":29,"column":33},"end":{"line":29,"column":37}}],"line":29},"7":{"loc":{"start":{"line":31,"column":4},"end":{"line":33,"column":5}},"type":"if","locations":[{"start":{"line":31,"column":4},"end":{"line":33,"column":5}},{"start":{},"end":{}}],"line":31},"8":{"loc":{"start":{"line":36,"column":26},"end":{"line":36,"column":40}},"type":"default-arg","locations":[{"start":{"line":36,"column":36},"end":{"line":36,"column":40}}],"line":36},"9":{"loc":{"start":{"line":38,"column":4},"end":{"line":40,"column":5}},"type":"if","locations":[{"start":{"line":38,"column":4},"end":{"line":40,"column":5}},{"start":{},"end":{}}],"line":38}},"s":{"0":1,"1":1,"2":0,"3":0,"4":0,"5":0,"6":0,"7":0,"8":0,"9":0,"10":0,"11":0,"12":0,"13":0,"14":0,"15":0,"16":0,"17":0,"18":0,"19":0,"20":0,"21":0,"22":1},"f":{"0":0,"1":0,"2":0,"3":0,"4":0},"b":{"0":[0],"1":[0,0],"2":[0],"3":[0,0],"4":[0],"5":[0,0],"6":[0],"7":[0,0],"8":[0],"9":[0,0]},"_coverageSchema":"1a1c01bbd47fc00a2c39e90264f33305004495a9","hash":"8d0c95c2e6a1230ef4e5af7c28c30b053567f2a7"}
,"/home/gold/dev/revenue-api/repositories/shopRepository.js": {"path":"/home/gold/dev/revenue-api/repositories/shopRepository.js","statementMap":{"0":{"start":{"line":1,"column":13},"end":{"line":1,"column":38}},"1":{"start":{"line":2,"column":17},"end":{"line":2,"column":42}},"2":{"start":{"line":6,"column":4},"end":{"line":6,"column":43}},"3":{"start":{"line":10,"column":4},"end":{"line":10,"column":58}},"4":{"start":{"line":14,"column":4},"end":{"line":14,"column":51}},"5":{"start":{"line":18,"column":4},"end":{"line":18,"column":62}},"6":{"start":{"line":22,"column":4},"end":{"line":22,"column":50}},"7":{"start":{"line":26,"column":0},"end":{"line":26,"column":38}}},"fnMap":{"0":{"name":"(anonymous_0)","decl":{"start":{"line":5,"column":2},"end":{"line":5,"column":3}},"loc":{"start":{"line":5,"column":25},"end":{"line":7,"column":3}},"line":5},"1":{"name":"(anonymous_1)","decl":{"start":{"line":9,"column":2},"end":{"line":9,"column":3}},"loc":{"start":{"line":9,"column":18},"end":{"line":11,"column":3}},"line":9},"2":{"name":"(anonymous_2)","decl":{"start":{"line":13,"column":2},"end":{"line":13,"column":3}},"loc":{"start":{"line":13,"column":25},"end":{"line":15,"column":3}},"line":13},"3":{"name":"(anonymous_3)","decl":{"start":{"line":17,"column":2},"end":{"line":17,"column":3}},"loc":{"start":{"line":17,"column":39},"end":{"line":19,"column":3}},"line":17},"4":{"name":"(anonymous_4)","decl":{"start":{"line":21,"column":2},"end":{"line":21,"column":3}},"loc":{"start":{"line":21,"column":27},"end":{"line":23,"column":3}},"line":21}},"branchMap":{},"s":{"0":1,"1":1,"2":0,"3":0,"4":0,"5":0,"6":0,"7":1},"f":{"0":0,"1":0,"2":0,"3":0,"4":0},"b":{},"_coverageSchema":"1a1c01bbd47fc00a2c39e90264f33305004495a9","hash":"3f15f67e5bb2f6416ea9adc5f339126b6833c98f"}
,"/home/gold/dev/revenue-api/repositories/userRepository.js": {"path":"/home/gold/dev/revenue-api/repositories/userRepository.js","statementMap":{"0":{"start":{"line":1,"column":13},"end":{"line":1,"column":38}},"1":{"start":{"line":2,"column":17},"end":{"line":2,"column":42}},"2":{"start":{"line":6,"column":4},"end":{"line":6,"column":45}},"3":{"start":{"line":10,"column":4},"end":{"line":10,"column":47}},"4":{"start":{"line":14,"column":4},"end":{"line":18,"column":6}},"5":{"start":{"line":22,"column":4},"end":{"line":22,"column":43}},"6":{"start":{"line":26,"column":4},"end":{"line":26,"column":58}},"7":{"start":{"line":30,"column":4},"end":{"line":30,"column":46}},"8":{"start":{"line":34,"column":0},"end":{"line":34,"column":38}}},"fnMap":{"0":{"name":"(anonymous_0)","decl":{"start":{"line":5,"column":2},"end":{"line":5,"column":3}},"loc":{"start":{"line":5,"column":27},"end":{"line":7,"column":3}},"line":5},"1":{"name":"(anonymous_1)","decl":{"start":{"line":9,"column":2},"end":{"line":9,"column":3}},"loc":{"start":{"line":9,"column":21},"end":{"line":11,"column":3}},"line":9},"2":{"name":"(anonymous_2)","decl":{"start":{"line":13,"column":2},"end":{"line":13,"column":3}},"loc":{"start":{"line":13,"column":29},"end":{"line":19,"column":3}},"line":13},"3":{"name":"(anonymous_3)","decl":{"start":{"line":21,"column":2},"end":{"line":21,"column":3}},"loc":{"start":{"line":21,"column":25},"end":{"line":23,"column":3}},"line":21},"4":{"name":"(anonymous_4)","decl":{"start":{"line":25,"column":2},"end":{"line":25,"column":3}},"loc":{"start":{"line":25,"column":35},"end":{"line":27,"column":3}},"line":25},"5":{"name":"(anonymous_5)","decl":{"start":{"line":29,"column":2},"end":{"line":29,"column":3}},"loc":{"start":{"line":29,"column":23},"end":{"line":31,"column":3}},"line":29}},"branchMap":{},"s":{"0":1,"1":1,"2":5,"3":0,"4":1,"5":1,"6":1,"7":1,"8":1},"f":{"0":5,"1":0,"2":1,"3":1,"4":1,"5":1},"b":{},"_coverageSchema":"1a1c01bbd47fc00a2c39e90264f33305004495a9","hash":"335b6730bf5ab7e5237cb630e18437758a24d4b6"}
,"/home/gold/dev/revenue-api/services/accountService.js": {"path":"/home/gold/dev/revenue-api/services/accountService.js","statementMap":{"0":{"start":{"line":1,"column":26},"end":{"line":1,"column":70}},"1":{"start":{"line":5,"column":36},"end":{"line":5,"column":47}},"2":{"start":{"line":7,"column":23},"end":{"line":13,"column":5}},"3":{"start":{"line":15,"column":4},"end":{"line":15,"column":48}},"4":{"start":{"line":19,"column":4},"end":{"line":19,"column":59}},"5":{"start":{"line":23,"column":4},"end":{"line":23,"column":72}},"6":{"start":{"line":27,"column":4},"end":{"line":27,"column":60}},"7":{"start":{"line":31,"column":4},"end":{"line":31,"column":56}},"8":{"start":{"line":35,"column":4},"end":{"line":35,"column":60}},"9":{"start":{"line":39,"column":0},"end":{"line":39,"column":38}}},"fnMap":{"0":{"name":"(anonymous_0)","decl":{"start":{"line":4,"column":2},"end":{"line":4,"column":3}},"loc":{"start":{"line":4,"column":48},"end":{"line":16,"column":3}},"line":4},"1":{"name":"(anonymous_1)","decl":{"start":{"line":18,"column":2},"end":{"line":18,"column":3}},"loc":{"start":{"line":18,"column":44},"end":{"line":20,"column":3}},"line":18},"2":{"name":"(anonymous_2)","decl":{"start":{"line":22,"column":2},"end":{"line":22,"column":3}},"loc":{"start":{"line":22,"column":61},"end":{"line":24,"column":3}},"line":22},"3":{"name":"(anonymous_3)","decl":{"start":{"line":26,"column":2},"end":{"line":26,"column":3}},"loc":{"start":{"line":26,"column":49},"end":{"line":28,"column":3}},"line":26},"4":{"name":"(anonymous_4)","decl":{"start":{"line":30,"column":2},"end":{"line":30,"column":3}},"loc":{"start":{"line":30,"column":46},"end":{"line":32,"column":3}},"line":30},"5":{"name":"(anonymous_5)","decl":{"start":{"line":34,"column":2},"end":{"line":34,"column":3}},"loc":{"start":{"line":34,"column":46},"end":{"line":36,"column":3}},"line":34}},"branchMap":{"0":{"loc":{"start":{"line":18,"column":28},"end":{"line":18,"column":42}},"type":"default-arg","locations":[{"start":{"line":18,"column":38},"end":{"line":18,"column":42}}],"line":18},"1":{"loc":{"start":{"line":22,"column":45},"end":{"line":22,"column":59}},"type":"default-arg","locations":[{"start":{"line":22,"column":55},"end":{"line":22,"column":59}}],"line":22},"2":{"loc":{"start":{"line":26,"column":33},"end":{"line":26,"column":47}},"type":"default-arg","locations":[{"start":{"line":26,"column":43},"end":{"line":26,"column":47}}],"line":26},"3":{"loc":{"start":{"line":30,"column":30},"end":{"line":30,"column":44}},"type":"default-arg","locations":[{"start":{"line":30,"column":40},"end":{"line":30,"column":44}}],"line":30},"4":{"loc":{"start":{"line":34,"column":30},"end":{"line":34,"column":44}},"type":"default-arg","locations":[{"start":{"line":34,"column":40},"end":{"line":34,"column":44}}],"line":34}},"s":{"0":1,"1":0,"2":0,"3":0,"4":0,"5":0,"6":0,"7":0,"8":0,"9":1},"f":{"0":0,"1":0,"2":0,"3":0,"4":0,"5":0},"b":{"0":[0],"1":[0],"2":[0],"3":[0],"4":[0]},"_coverageSchema":"1a1c01bbd47fc00a2c39e90264f33305004495a9","hash":"ccb3b20009689b8309feaaf2437a54983b8d14a6"}
[...]
{"line":207,"column":6},"end":{"line":207,"column":59}},"68":{"start":{"line":208,"column":6},"end":{"line":208,"column":40}},"69":{"start":{"line":210,"column":6},"end":{"line":210,"column":25}},"70":{"start":{"line":215,"column":4},"end":{"line":338,"column":7}},"71":{"start":{"line":216,"column":19},"end":{"line":216,"column":56}},"72":{"start":{"line":218,"column":6},"end":{"line":220,"column":7}},"73":{"start":{"line":219,"column":8},"end":{"line":219,"column":39}},"74":{"start":{"line":222,"column":49},"end":{"line":222,"column":53}},"75":{"start":{"line":224,"column":23},"end":{"line":224,"column":68}},"76":{"start":{"line":225,"column":29},"end":{"line":227,"column":7}},"77":{"start":{"line":226,"column":17},"end":{"line":226,"column":51}},"78":{"start":{"line":228,"column":26},"end":{"line":228,"column":70}},"79":{"start":{"line":228,"column":49},"end":{"line":228,"column":69}},"80":{"start":{"line":230,"column":6},"end":{"line":232,"column":7}},"81":{"start":{"line":231,"column":8},"end":{"line":231,"column":67}},"82":{"start":{"line":234,"column":6},"end":{"line":234,"column":55}},"83":{"start":{"line":236,"column":6},"end":{"line":254,"column":7}},"84":{"start":{"line":237,"column":8},"end":{"line":244,"column":10}},"85":{"start":{"line":246,"column":8},"end":{"line":253,"column":10}},"86":{"start":{"line":256,"column":6},"end":{"line":265,"column":7}},"87":{"start":{"line":257,"column":8},"end":{"line":264,"column":10}},"88":{"start":{"line":267,"column":6},"end":{"line":294,"column":7}},"89":{"start":{"line":268,"column":21},"end":{"line":268,"column":37}},"90":{"start":{"line":270,"column":8},"end":{"line":277,"column":10}},"91":{"start":{"line":279,"column":27},"end":{"line":279,"column":65}},"92":{"start":{"line":281,"column":8},"end":{"line":293,"column":10}},"93":{"start":{"line":296,"column":6},"end":{"line":305,"column":7}},"94":{"start":{"line":297,"column":8},"end":{"line":304,"column":10}},"95":{"start":{"line":307,"column":6},"end":{"line":316,"column":7}},"96":{"start":{"line":308,"column":8},"end":{"line":315,"column":10}},"97":{"start":{"line":318,"column":28},"end":{"line":321,"column":7}},"98":{"start":{"line":323,"column":22},"end":{"line":333,"column":8}},"99":{"start":{"line":335,"column":6},"end":{"line":335,"column":59}},"100":{"start":{"line":337,"column":6},"end":{"line":337,"column":18}},"101":{"start":{"line":342,"column":4},"end":{"line":357,"column":7}},"102":{"start":{"line":343,"column":6},"end":{"line":343,"column":59}},"103":{"start":{"line":344,"column":6},"end":{"line":344,"column":62}},"104":{"start":{"line":345,"column":6},"end":{"line":348,"column":8}},"105":{"start":{"line":349,"column":6},"end":{"line":356,"column":8}},"106":{"start":{"line":361,"column":0},"end":{"line":361,"column":35}}},"fnMap":{"0":{"name":"(anonymous_0)","decl":{"start":{"line":21,"column":2},"end":{"line":21,"column":3}},"loc":{"start":{"line":21,"column":50},"end":{"line":46,"column":3}},"line":21},"1":{"name":"(anonymous_1)","decl":{"start":{"line":48,"column":2},"end":{"line":48,"column":3}},"loc":{"start":{"line":48,"column":51},"end":{"line":83,"column":3}},"line":48},"2":{"name":"(anonymous_2)","decl":{"start":{"line":85,"column":2},"end":{"line":85,"column":3}},"loc":{"start":{"line":85,"column":31},"end":{"line":212,"column":3}},"line":85},"3":{"name":"(anonymous_3)","decl":{"start":{"line":86,"column":38},"end":{"line":86,"column":39}},"loc":{"start":{"line":86,"column":57},"end":{"line":211,"column":5}},"line":86},"4":{"name":"(anonymous_4)","decl":{"start":{"line":91,"column":8},"end":{"line":91,"column":9}},"loc":{"start":{"line":91,"column":17},"end":{"line":91,"column":51}},"line":91},"5":{"name":"(anonymous_5)","decl":{"start":{"line":93,"column":40},"end":{"line":93,"column":41}},"loc":{"start":{"line":93,"column":49},"end":{"line":93,"column":69}},"line":93},"6":{"name":"(anonymous_6)","decl":{"start":{"line":214,"column":2},"end":{"line":214,"column":3}},"loc":{"start":{"line":214,"column":33},"end":{"line":339,"column":3}},"line":214},"7":{"name":"(anonymous_7)","decl":{"start":{"line":215,"column":38},"end":{"line":215,"column":39}},"loc":{"start":{"line":215,"column":57},"end":{"line":338,"column":5}},"line":215},"8":{"name":"(anonymous_8)","decl":{"start":{"line":226,"column":8},"end":{"line":226,"column":9}},"loc":{"start":{"line":226,"column":17},"end":{"line":226,"column":51}},"line":226},"9":{"name":"(anonymous_9)","decl":{"start":{"line":228,"column":40},"end":{"line":228,"column":41}},"loc":{"start":{"line":228,"column":49},"end":{"line":228,"column":69}},"line":228},"10":{"name":"(anonymous_10)","decl":{"start":{"line":341,"column":2},"end":{"line":341,"column":3}},"loc":{"start":{"line":341,"column":22},"end":{"line":358,"column":3}},"line":341},"11":{"name":"(anonymous_11)","decl":{"start":{"line":342,"column":38},"end":{"line":342,"column":39}},"loc":{"start":{"line":342,"column":57},"end":{"line":357,"column":5}},"line":342}},"branchMap":{"0":{"loc":{"start":{"line":24,"column":4},"end":{"line":27,"column":5}},"type":"if","locations":[{"start":{"line":24,"column":4},"end":{"line":27,"column":5}},{"start":{},"end":{}}],"line":24},"1":{"loc":{"start":{"line":28,"column":4},"end":{"line":31,"column":5}},"type":"if","locations":[{"start":{"line":28,"column":4},"end":{"line":31,"column":5}},{"start":{},"end":{}}],"line":28},"2":{"loc":{"start":{"line":32,"column":4},"end":{"line":35,"column":5}},"type":"if","locations":[{"start":{"line":32,"column":4},"end":{"line":35,"column":5}},{"start":{},"end":{}}],"line":32},"3":{"loc":{"start":{"line":36,"column":4},"end":{"line":39,"column":5}},"type":"if","locations":[{"start":{"line":36,"column":4},"end":{"line":39,"column":5}},{"start":{},"end":{}}],"line":36},"4":{"loc":{"start":{"line":41,"column":4},"end":{"line":43,"column":5}},"type":"if","locations":[{"start":{"line":41,"column":4},"end":{"line":43,"column":5}},{"start":{},"end":{}}],"line":41},"5":{"loc":{"start":{"line":41,"column":8},"end":{"line":41,"column":36}},"type":"binary-expr","locations":[{"start":{"line":41,"column":8},"end":{"line":41,"column":15}},{"start":{"line":41,"column":19},"end":{"line":41,"column":36}}],"line":41},"6":{"loc":{"start":{"line":57,"column":4},"end":{"line":59,"column":5}},"type":"if","locations":[{"start":{"line":57,"column":4},"end":{"line":59,"column":5}},{"start":{},"end":{}}],"line":57},"7":{"loc":{"start":{"line":57,"column":8},"end":{"line":57,"column":30}},"type":"binary-expr","locations":[{"start":{"line":57,"column":8},"end":{"line":57,"column":12}},{"start":{"line":57,"column":16},"end":{"line":57,"column":30}}],"line":57},"8":{"loc":{"start":{"line":69,"column":6},"end":{"line":71,"column":7}},"type":"if","locations":[{"start":{"line":69,"column":6},"end":{"line":71,"column":7}},{"start":{},"end":{}}],"line":69},"9":{"loc":{"start":{"line":72,"column":6},"end":{"line":74,"column":7}},"type":"if","locations":[{"start":{"line":72,"column":6},"end":{"line":74,"column":7}},{"start":{},"end":{}}],"line":72},"10":{"loc":{"start":{"line":75,"column":6},"end":{"line":77,"column":7}},"type":"if","locations":[{"start":{"line":75,"column":6},"end":{"line":77,"column":7}},{"start":{},"end":{}}],"line":75},"11":{"loc":{"start":{"line":95,"column":6},"end":{"line":97,"column":7}},"type":"if","locations":[{"start":{"line":95,"column":6},"end":{"line":97,"column":7}},{"start":{},"end":{}}],"line":95},"12":{"loc":{"start":{"line":95,"column":10},"end":{"line":95,"column":41}},"type":"binary-expr","locations":[{"start":{"line":95,"column":10},"end":{"line":95,"column":25}},{"start":{"line":95,"column":29},"end":{"line":95,"column":41}}],"line":95},"13":{"loc":{"start":{"line":115,"column":6},"end":{"line":133,"column":7}},"type":"if","locations":[{"start":{"line":115,"column":6},"end":{"line":133,"column":7}},{"start":{},"end":{}}],"line":115},"14":{"loc":{"start":{"line":135,"column":6},"end":{"line":144,"column":7}},"type":"if","locations":[{"start":{"line":135,"column":6},"end":{"line":144,"column":7}},{"start":{},"end":{}}],"line":135},"15":{"loc":{"start":{"line":146,"column":6},"end":{"line":166,"column":7}},"type":"if","locations":[{"start":{"line":146,"column":6},"end":{"line":166,"column":7}},{"start":{},"end":{}}],"line":146},"16":{"loc":{"start":{"line":168,"column":6},"end":{"line":177,"column":7}},"type":"if","locations":[{"start":{"line":168,"column":6},"end":{"line":177,"column":7}},{"start":{},"end":{}}],"line":168},"17":{"loc":{"start":{"line":179,"column":6},"end":{"line":188,"column":7}},"type":"if","locations":[{"start":{"line":179,"column":6},"end":{"line":188,"column":7}},{"start":{},"end":{}}],"line":179},"18":{"loc":{"start":{"line":218,"column":6},"end":{"line":220,"column":7}},"type":"if","locations":[{"start":{"line":218,"column":6},"end":{"line":220,"column":7}},{"start":{},"end":{}}],"line":218},"19":{"loc":{"start":{"line":230,"column":6},"end":{"line":232,"column":7}},"type":"if","locations":[{"start":{"line":230,"column":6},"end":{"line":232,"column":7}},{"start":{},"end":{}}],"line":230},"20":{"loc":{"start":{"line":230,"column":10},"end":{"line":230,"column":41}},"type":"binary-expr","locations":[{"start":{"line":230,"column":10},"end":{"line":230,"column":25}},{"start":{"line":230,"column":29},"end":{"line":230,"column":41}}],"line":230},"21":{"loc":{"start":{"line":236,"column":6},"end":{"line":254,"column":7}},"type":"if","locations":[{"start":{"line":236,"column":6},"end":{"line":254,"column":7}},{"start":{},"end":{}}],"line":236},"22":{"loc":{"start":{"line":256,"column":6},"end":{"line":265,"column":7}},"type":"if","locations":[{"start":{"line":256,"column":6},"end":{"line":265,"column":7}},{"start":{},"end":{}}],"line":256},"23":{"loc":{"start":{"line":267,"column":6},"end":{"line":294,"column":7}},"type":"if","locations":[{"start":{"line":267,"column":6},"end":{"line":294,"column":7}},{"start":{},"end":{}}],"line":267},"24":{"loc":{"start":{"line":296,"column":6},"end":{"line":305,"column":7}},"type":"if","locations":[{"start":{"line":296,"column":6},"end":{"line":305,"column":7}},{"start":{},"end":{}}],"line":296},"25":{"loc":{"start":{"line":307,"column":6},"end":{"line":316,"column":7}},"type":"if","locations":[{"start":{"line":307,"column":6},"end":{"line":316,"column":7}},{"start":{},"end":{}}],"line":307}},"s":{"0":1,"1":1,"2":1,"3":1,"4":1,"5":1,"6":1,"7":1,"8":0,"9":0,"10":0,"11":0,"12":0,"13":0,"14":0,"15":0,"16":0,"17":0,"18":0,"19":0,"20":0,"21":0,"22":0,"23":0,"24":0,"25":0,"26":0,"27":0,"28":0,"29":0,"30":0,"31":0,"32":0,"33":0,"34":0,"35":0,"36":0,"37":0,"38":0,"39":0,"40":0,"41":0,"42":0,"43":0,"44":0,"45":0,"46":0,"47":0,"48":0,"49":0,"50":0,"51":0,"52":0,"53":0,"54":0,"55":0,"56":0,"57":0,"58":0,"59":0,"60":0,"61":0,"62":0,"63":0,"64":0,"65":0,"66":0,"67":0,"68":0,"69":0,"70":0,"71":0,"72":0,"73":0,"74":0,"75":0,"76":0,"77":0,"78":0,"79":0,"80":0,"81":0,"82":0,"83":0,"84":0,"85":0,"86":0,"87":0,"88":0,"89":0,"90":0,"91":0,"92":0,"93":0,"94":0,"95":0,"96":0,"97":0,"98":0,"99":0,"100":0,"101":0,"102":0,"103":0,"104":0,"105":0,"106":1},"f":{"0":0,"1":0,"2":0,"3":0,"4":0,"5":0,"6":0,"7":0,"8":0,"9":0,"10":0,"11":0},"b":{"0":[0,0],"1":[0,0],"2":[0,0],"3":[0,0],"4":[0,0],"5":[0,0],"6":[0,0],"7":[0,0],"8":[0,0],"9":[0,0],"10":[0,0],"11":[0,0],"12":[0,0],"13":[0,0],"14":[0,0],"15":[0,0],"16":[0,0],"17":[0,0],"18":[0,0],"19":[0,0],"20":[0,0],"21":[0,0],"22":[0,0],"23":[0,0],"24":[0,0],"25":[0,0]},"_coverageSchema":"1a1c01bbd47fc00a2c39e90264f33305004495a9","hash":"d3164fa0f9d3e6eacc4a1a292e3a8377fcfccb70"}
,"/home/gold/dev/revenue-api/services/shopService.js": {"path":"/home/gold/dev/revenue-api/services/shopService.js","statementMap":{"0":{"start":{"line":1,"column":23},"end":{"line":1,"column":64}},"1":{"start":{"line":5,"column":4},"end":{"line":5,"column":42}},"2":{"start":{"line":9,"column":4},"end":{"line":9,"column":36}},"3":{"start":{"line":13,"column":4},"end":{"line":13,"column":39}},"4":{"start":{"line":17,"column":4},"end":{"line":17,"column":53}},"5":{"start":{"line":21,"column":4},"end":{"line":21,"column":41}},"6":{"start":{"line":25,"column":0},"end":{"line":25,"column":35}}},"fnMap":{"0":{"name":"(anonymous_0)","decl":{"start":{"line":4,"column":2},"end":{"line":4,"column":3}},"loc":{"start":{"line":4,"column":28},"end":{"line":6,"column":3}},"line":4},"1":{"name":"(anonymous_1)","decl":{"start":{"line":8,"column":2},"end":{"line":8,"column":3}},"loc":{"start":{"line":8,"column":22},"end":{"line":10,"column":3}},"line":8},"2":{"name":"(anonymous_2)","decl":{"start":{"line":12,"column":2},"end":{"line":12,"column":3}},"loc":{"start":{"line":12,"column":24},"end":{"line":14,"column":3}},"line":12},"3":{"name":"(anonymous_3)","decl":{"start":{"line":16,"column":2},"end":{"line":16,"column":3}},"loc":{"start":{"line":16,"column":35},"end":{"line":18,"column":3}},"line":16},"4":{"name":"(anonymous_4)","decl":{"start":{"line":20,"column":2},"end":{"line":20,"column":3}},"loc":{"start":{"line":20,"column":23},"end":{"line":22,"column":3}},"line":20}},"branchMap":{},"s":{"0":1,"1":0,"2":0,"3":0,"4":0,"5":0,"6":1},"f":{"0":0,"1":0,"2":0,"3":0,"4":0},"b":{},"_coverageSchema":"1a1c01bbd47fc00a2c39e90264f33305004495a9","hash":"893e08b3c7d87cfd85c136ac919c884aeaab96d3"}
,"/home/gold/dev/revenue-api/services/userService.js": {"path":"/home/gold/dev/revenue-api/services/userService.js","statementMap":{"0":{"start":{"line":1,"column":23},"end":{"line":1,"column":64}},"1":{"start":{"line":2,"column":21},"end":{"line":2,"column":47}},"2":{"start":{"line":3,"column":22},"end":{"line":3,"column":49}},"3":{"start":{"line":4,"column":43},"end":{"line":4,"column":75}},"4":{"start":{"line":5,"column":24},"end":{"line":5,"column":60}},"5":{"start":{"line":9,"column":44},"end":{"line":9,"column":52}},"6":{"start":{"line":11,"column":25},"end":{"line":11,"column":64}},"7":{"start":{"line":12,"column":4},"end":{"line":14,"column":5}},"8":{"start":{"line":13,"column":6},"end":{"line":13,"column":56}},"9":{"start":{"line":16,"column":27},"end":{"line":16,"column":55}},"10":{"start":{"line":18,"column":20},"end":{"line":25,"column":5}},"11":{"start":{"line":27,"column":4},"end":{"line":27,"column":42}},"12":{"start":{"line":31,"column":32},"end":{"line":31,"column":40}},"13":{"start":{"line":33,"column":17},"end":{"line":33,"column":56}},"14":{"start":{"line":34,"column":4},"end":{"line":36,"column":5}},"15":{"start":{"line":35,"column":6},"end":{"line":35,"column":55}},"16":{"start":{"line":37,"column":28},"end":{"line":37,"column":75}},"17":{"start":{"line":38,"column":4},"end":{"line":40,"column":5}},"18":{"start":{"line":39,"column":6},"end":{"line":39,"column":55}},"19":{"start":{"line":42,"column":19},"end":{"line":49,"column":5}},"20":{"start":{"line":51,"column":4},"end":{"line":51,"column":35}},"21":{"start":{"line":55,"column":4},"end":{"line":55,"column":47}},"22":{"start":{"line":59,"column":4},"end":{"line":59,"column":45}},"23":{"start":{"line":63,"column":4},"end":{"line":63,"column":57}},"24":{"start":{"line":67,"column":0},"end":{"line":67,"column":35}}},"fnMap":{"0":{"name":"(anonymous_0)","decl":{"start":{"line":8,"column":2},"end":{"line":8,"column":3}},"loc":{"start":{"line":8,"column":40},"end":{"line":28,"column":3}},"line":8},"1":{"name":"(anonymous_1)","decl":{"start":{"line":30,"column":2},"end":{"line":30,"column":3}},"loc":{"start":{"line":30,"column":24},"end":{"line":52,"column":3}},"line":30},"2":{"name":"(anonymous_2)","decl":{"start":{"line":54,"column":2},"end":{"line":54,"column":3}},"loc":{"start":{"line":54,"column":25},"end":{"line":56,"column":3}},"line":54},"3":{"name":"(anonymous_3)","decl":{"start":{"line":58,"column":2},"end":{"line":58,"column":3}},"loc":{"start":{"line":58,"column":27},"end":{"line":60,"column":3}},"line":58},"4":{"name":"(anonymous_4)","decl":{"start":{"line":62,"column":2},"end":{"line":62,"column":3}},"loc":{"start":{"line":62,"column":39},"end":{"line":64,"column":3}},"line":62}},"branchMap":{"0":{"loc":{"start":{"line":12,"column":4},"end":{"line":14,"column":5}},"type":"if","locations":[{"start":{"line":12,"column":4},"end":{"line":14,"column":5}},{"start":{},"end":{}}],"line":12},"1":{"loc":{"start":{"line":34,"column":4},"end":{"line":36,"column":5}},"type":"if","locations":[{"start":{"line":34,"column":4},"end":{"line":36,"column":5}},{"start":{},"end":{}}],"line":34},"2":{"loc":{"start":{"line":38,"column":4},"end":{"line":40,"column":5}},"type":"if","locations":[{"start":{"line":38,"column":4},"end":{"line":40,"column":5}},{"start":{},"end":{}}],"line":38}},"s":{"0":1,"1":1,"2":1,"3":1,"4":1,"5":2,"6":2,"7":2,"8":1,"9":1,"10":1,"11":1,"12":3,"13":3,"14":3,"15":1,"16":2,"17":2,"18":1,"19":1,"20":1,"21":1,"22":1,"23":1,"24":1},"f":{"0":2,"1":3,"2":1,"3":1,"4":1},"b":{"0":[1,1],"1":[1,2],"2":[1,1]},"_coverageSchema":"1a1c01bbd47fc00a2c39e90264f33305004495a9","hash":"9ce10da45d1bcee76b7c590766edb2c442ab698a"}
,"/home/gold/dev/revenue-api/tests/setup.js": {"path":"/home/gold/dev/revenue-api/tests/setup.js","statementMap":{"0":{"start":{"line":1,"column":30},"end":{"line":1,"column":62}},"1":{"start":{"line":2,"column":17},"end":{"line":2,"column":36}},"2":{"start":{"line":3,"column":22},"end":{"line":3,"column":49}},"3":{"start":{"line":4,"column":21},"end":{"line":4,"column":47}},"4":{"start":{"line":8,"column":18},"end":{"line":17,"column":1}},"5":{"start":{"line":9,"column":2},"end":{"line":16,"column":3}},"6":{"start":{"line":10,"column":4},"end":{"line":10,"column":51}},"7":{"start":{"line":11,"column":16},"end":{"line":11,"column":36}},"8":{"start":{"line":12,"column":4},"end":{"line":15,"column":7}},"9":{"start":{"line":19,"column":21},"end":{"line":22,"column":1}},"10":{"start":{"line":20,"column":2},"end":{"line":20,"column":30}},"11":{"start":{"line":21,"column":2},"end":{"line":21,"column":44}},"12":{"start":{"line":21,"column":19},"end":{"line":21,"column":44}},"13":{"start":{"line":24,"column":15},"end":{"line":29,"column":1}},"14":{"start":{"line":25,"column":22},"end":{"line":25,"column":53}},"15":{"start":{"line":26,"column":2},"end":{"line":28,"column":3}},"16":{"start":{"line":27,"column":4},"end":{"line":27,"column":42}},"17":{"start":{"line":31,"column":21},"end":{"line":40,"column":1}},"18":{"start":{"line":32,"column":2},"end":{"line":39,"column":5}},"19":{"start":{"line":42,"column":0},"end":{"line":42,"column":67}}},"fnMap":{"0":{"name":"(anonymous_0)","decl":{"start":{"line":8,"column":18},"end":{"line":8,"column":19}},"loc":{"start":{"line":8,"column":30},"end":{"line":17,"column":1}},"line":8},"1":{"name":"(anonymous_1)","decl":{"start":{"line":19,"column":21},"end":{"line":19,"column":22}},"loc":{"start":{"line":19,"column":33},"end":{"line":22,"column":1}},"line":19},"2":{"name":"(anonymous_2)","decl":{"start":{"line":24,"column":15},"end":{"line":24,"column":16}},"loc":{"start":{"line":24,"column":27},"end":{"line":29,"column":1}},"line":24},"3":{"name":"(anonymous_3)","decl":{"start":{"line":31,"column":21},"end":{"line":31,"column":22}},"loc":{"start":{"line":31,"column":41},"end":{"line":40,"column":1}},"line":31}},"branchMap":{"0":{"loc":{"start":{"line":9,"column":2},"end":{"line":16,"column":3}},"type":"if","locations":[{"start":{"line":9,"column":2},"end":{"line":16,"column":3}},{"start":{},"end":{}}],"line":9},"1":{"loc":{"start":{"line":21,"column":2},"end":{"line":21,"column":44}},"type":"if","locations":[{"start":{"line":21,"column":2},"end":{"line":21,"column":44}},{"start":{},"end":{}}],"line":21},"2":{"loc":{"start":{"line":31,"column":22},"end":{"line":31,"column":36}},"type":"default-arg","locations":[{"start":{"line":31,"column":29},"end":{"line":31,"column":36}}],"line":31}},"s":{"0":1,"1":1,"2":1,"3":1,"4":1,"5":1,"6":1,"7":1,"8":1,"9":1,"10":1,"11":1,"12":1,"13":1,"14":1,"15":1,"16":5,"17":1,"18":1,"19":1},"f":{"0":1,"1":1,"2":1,"3":1},"b":{"0":[1,0],"1":[1,0],"2":[0]},"_coverageSchema":"1a1c01bbd47fc00a2c39e90264f33305004495a9","hash":"47a7d4a78edd4da6f848e50d807193bdb9c11ead"}
}
